<?xml version="1.0" encoding="UTF-8"?>
<!-- Generated by org.testng.reporters.JUnitXMLReporter -->
<testsuite hostname="DESKTOP-C6SQIIN" ignored="0" name=" DS Introduction Page Test" tests="4" failures="0" timestamp="16 Aug 2022 22:25:38 GMT" time="7.485" errors="0">
  <testcase name="validUserShouldBeAbletoLandInDSIntroductionPage" time="0.014" classname="tests.DSIntroductionPageTest"/>
  <testcase name="validUserShouldBeRedirectedToTimeCompexityIntroduction" time="0.26" classname="tests.DSIntroductionPageTest"/>
  <testcase name="validUserShouldBeRedirectedToTryEditorPage" time="1.099" classname="tests.DSIntroductionPageTest"/>
  <testcase name="validUserShouldBeRedirectedToPracticeQuestions" time="0.461" classname="tests.DSIntroductionPageTest"/>
</testsuite> <!--  DS Introduction Page Test -->
