<?xml version="1.0" encoding="UTF-8"?>
<!-- Generated by org.testng.reporters.JUnitXMLReporter -->
<testsuite hostname="DESKTOP-C6SQIIN" ignored="0" name=" Graph Page Test" tests="4" failures="0" timestamp="16 Aug 2022 22:26:05 GMT" time="6.948" errors="0">
  <testcase name="validUserShouldBeAbletoLandInGraphPage" time="0.01" classname="tests.GraphPageTest"/>
  <testcase name="validUserShouldBeRedirectedToGraphTryEditorPage" time="1.269" classname="tests.GraphPageTest"/>
  <testcase name="validUserShouldBeAbletoLandInGraphRepresentationPage" time="0.35" classname="tests.GraphPageTest"/>
  <testcase name="validUserShouldBeRedirectedToGraphRepresentationsTryEditorPage" time="0.6" classname="tests.GraphPageTest"/>
</testsuite> <!--  Graph Page Test -->
