<?xml version="1.0" encoding="UTF-8"?>
<!-- Generated by org.testng.reporters.JUnitXMLReporter -->
<testsuite hostname="DESKTOP-C6SQIIN" ignored="0" name=" Sign In Page Test" tests="8" failures="0" timestamp="16 Aug 2022 22:25:31 GMT" time="9.295" errors="0">
  <testcase name="UserShouldNotBeAbleToLoginWithInvalidLoginCredentials" time="0.344" classname="tests.SignInPageTest"/>
  <testcase name="UserShouldNotBeAbleToLoginWithInvalidLoginCredentials" time="0.581" classname="tests.SignInPageTest"/>
  <testcase name="UserShouldNotBeAbleToLoginWithInvalidLoginCredentials" time="0.633" classname="tests.SignInPageTest"/>
  <testcase name="UserShouldNotBeAbleToLoginWithInvalidLoginCredentials" time="0.622" classname="tests.SignInPageTest"/>
  <testcase name="UserShouldNotBeAbleToLoginWithInvalidLoginCredentials" time="0.369" classname="tests.SignInPageTest"/>
  <testcase name="UserShouldNotBeAbleToLoginWithInvalidLoginCredentials" time="0.3" classname="tests.SignInPageTest"/>
  <testcase name="validUserShouldBeAbleToLogin" time="1.205" classname="tests.SignInPageTest"/>
  <testcase name="UserShouldSignOutSuccessfullyAfterLogin" time="0.772" classname="tests.SignInPageTest"/>
</testsuite> <!--  Sign In Page Test -->
