<?xml version="1.0" encoding="UTF-8"?>
<!-- Generated by org.testng.reporters.JUnitXMLReporter -->
<testsuite hostname="DESKTOP-C6SQIIN" ignored="0" name=" Tree Page Test" tests="28" failures="1" timestamp="16 Aug 2022 22:25:58 GMT" time="19.196" errors="0">
  <testcase name="validUserShouldBeAbletoLandInTreePage" time="0.531" classname="tests.TreePageTest"/>
  <testcase name="validUserShouldBeAbletoLandInOverviewPage" time="0.28" classname="tests.TreePageTest"/>
  <testcase name="validUserShouldBeRedirectedToOverviewOfTreesTryEditorPage" time="0.902" classname="tests.TreePageTest"/>
  <testcase name="validUserShouldBeAbletoLandInTerminologiesPage" time="0.289" classname="tests.TreePageTest"/>
  <testcase name="validUserShouldBeRedirectedToTerminologiesOfTreesTryEditorPage" time="0.625" classname="tests.TreePageTest"/>
  <testcase name="validUserShouldBeAbletoLandInTypesOfTreesPage" time="0.268" classname="tests.TreePageTest"/>
  <testcase name="validUserShouldBeRedirectedToTypesOfTreesTryEditorPage" time="0.662" classname="tests.TreePageTest"/>
  <testcase name="validUserShouldBeAbletoLandInTreeTraversalsPage" time="0.315" classname="tests.TreePageTest"/>
  <testcase name="validUserShouldBeRedirectedToTreeTraversalTryEditorPage" time="0.59" classname="tests.TreePageTest"/>
  <testcase name="validUserShouldBeAbletoLandTraversalIllustrationPage" time="0.382" classname="tests.TreePageTest"/>
  <testcase name="validUserShouldBeRedirectedToTraversalIllustrationTryEditorPage" time="0.617" classname="tests.TreePageTest"/>
  <testcase name="validUserShouldBeAbletoLandBinaryTreesPage" time="0.415" classname="tests.TreePageTest"/>
  <testcase name="validUserShouldBeRedirectedToBinaryTreesTryEditorPage" time="0.738" classname="tests.TreePageTest"/>
  <testcase name="validUserShouldBeAbletoLandTypesOfBinaryTreesPage" time="0.452" classname="tests.TreePageTest"/>
  <testcase name="validUserShouldBeRedirectedToTypesOfBinaryTreesTryEditorPage" time="0.833" classname="tests.TreePageTest"/>
  <testcase name="validUserShouldBeAbletoLandImplementationInPythonPage" time="0.391" classname="tests.TreePageTest"/>
  <testcase name="validUserShouldBeRedirectedToImplementationInpythonTryEditorPage" time="0.783" classname="tests.TreePageTest"/>
  <testcase name="validUserShouldBeAbletoLandBinaryTreeTraversalsPage" time="0.394" classname="tests.TreePageTest"/>
  <testcase name="validUserShouldBeRedirectedToBinaryTreeTraversalsTryEditorPage" time="0.701" classname="tests.TreePageTest"/>
  <testcase name="validUserShouldBeAbletoLandImplementationOfBinaryTreesPage" time="0.316" classname="tests.TreePageTest"/>
  <testcase name="validUserShouldBeRedirectedToImplementationOfBinaryTreesTryEditorPage" time="0.74" classname="tests.TreePageTest"/>
  <testcase name="validUserShouldBeAbletoLandApplicationsOfBinaryTreesPage" time="0.301" classname="tests.TreePageTest"/>
  <testcase name="validUserShouldBeRedirectedToApplicationsOfBinaryTreesTryEditorPage" time="0.728" classname="tests.TreePageTest"/>
  <testcase name="validUserShouldBeAbletoLandBinarySearchTreesPage" time="0.482" classname="tests.TreePageTest"/>
  <testcase name="validUserShouldBeRedirectedToBinarySearchTreesTryEditorPage" time="0.778" classname="tests.TreePageTest"/>
  <testcase name="validUserShouldBeAbletoLandImplementationOfBSTPage" time="0.321" classname="tests.TreePageTest"/>
  <testcase name="validUserShouldBeRedirectedToImplementationOfBSTTryEditorPage" time="0.692" classname="tests.TreePageTest"/>
  <testcase name="validUserShouldBeRedirectedToPracticeQuestions" time="0.525" classname="tests.TreePageTest">
    <failure type="java.lang.AssertionError" message="Invalid Page!! expected [Practicee Questions] but found [Practice Questions]">
      <![CDATA[java.lang.AssertionError: Invalid Page!! expected [Practicee Questions] but found [Practice Questions]
at tests.TreePageTest.validUserShouldBeRedirectedToPracticeQuestions(TreePageTest.java:353)
... Removed 33 stack frames]]>
    </failure>
  </testcase> <!-- validUserShouldBeRedirectedToPracticeQuestions -->
</testsuite> <!--  Tree Page Test -->
