<?xml version="1.0" encoding="UTF-8"?>
<!-- Generated by org.testng.reporters.JUnitXMLReporter -->
<testsuite hostname="DESKTOP-C6SQIIN" ignored="0" name="Register Page Test" tests="9" failures="0" timestamp="16 Aug 2022 22:25:22 GMT" time="30.938" errors="0">
  <testcase name="UserShouldNotBeAbleToRegisterWithInvalidData" time="2.527" classname="tests.RegisterPageTest"/>
  <testcase name="UserShouldNotBeAbleToRegisterWithInvalidData" time="2.432" classname="tests.RegisterPageTest"/>
  <testcase name="UserShouldNotBeAbleToRegisterWithInvalidData" time="2.967" classname="tests.RegisterPageTest"/>
  <testcase name="UserShouldNotBeAbleToRegisterWithInvalidData" time="2.887" classname="tests.RegisterPageTest"/>
  <testcase name="UserShouldNotBeAbleToRegisterWithInvalidData" time="2.752" classname="tests.RegisterPageTest"/>
  <testcase name="UserShouldNotBeAbleToRegisterWithInvalidData" time="2.65" classname="tests.RegisterPageTest"/>
  <testcase name="UserShouldNotBeAbleToRegisterWithInvalidData" time="2.443" classname="tests.RegisterPageTest"/>
  <testcase name="UserShouldNotBeAbleToRegisterWithInvalidData" time="2.378" classname="tests.RegisterPageTest"/>
  <testcase name="UserIsSuccessfullyAbleToRegister" time="4.262" classname="tests.RegisterPageTest"/>
</testsuite> <!-- Register Page Test -->
