<?xml version="1.0" encoding="UTF-8"?>
<!-- Generated by org.testng.reporters.JUnitXMLReporter -->
<testsuite hostname="DESKTOP-C6SQIIN" ignored="0" name="Login Page Test" tests="4" failures="0" timestamp="11 Jun 2022 01:04:48 GMT" time="5.501" errors="0">
  <testcase name="InvalidUserShouldNotBeAbleToLogin" time="0.443" classname="tests.TestLogin"/>
  <testcase name="InvalidUserShouldNotBeAbleToLogin" time="0.461" classname="tests.TestLogin"/>
  <testcase name="InvalidUserShouldNotBeAbleToLogin" time="0.481" classname="tests.TestLogin"/>
  <testcase name="validUserShouldBeAbleToLogin" time="0.785" classname="tests.TestLogin"/>
</testsuite> <!-- Login Page Test -->
