<?xml version="1.0" encoding="UTF-8"?>
<!-- Generated by org.testng.reporters.JUnitXMLReporter -->
<testsuite hostname="DESKTOP-C6SQIIN" ignored="0" name="  Firefox Home Page Test" tests="9" failures="0" timestamp="23 Jun 2022 22:03:38 GMT" time="13.701" errors="0">
  <testcase name="UserShouldBeAbleToOpenDSPortalPage" time="0.016" classname="tests.HomePageTest"/>
  <testcase name="UserShouldBeAbleToOpenHomePage" time="0.746" classname="tests.HomePageTest"/>
  <testcase name="UserShouldbeAbleToSeePanesForDataStructures" time="0.022" classname="tests.HomePageTest"/>
  <testcase name="UserShouldGetAlertWhenClickGetStartedIntroductionButton" time="0.335" classname="tests.HomePageTest"/>
  <testcase name="UserShouldGetAlertWhenClicksAnyGetStartedButton" time="2.046" classname="tests.HomePageTest"/>
  <testcase name="UserShouldBeAbleToClickAndViewDropDownItems" time="0.269" classname="tests.HomePageTest"/>
  <testcase name="UserShouldGetAlertWhenSelectItemFromDropDown" time="3.39" classname="tests.HomePageTest"/>
  <testcase name="UserShouldBeAbleToGotoSignInPage" time="0.3" classname="tests.HomePageTest"/>
  <testcase name="UserShouldBeAbleToRegister" time="0.288" classname="tests.HomePageTest"/>
</testsuite> <!--   Firefox Home Page Test -->
