<?xml version="1.0" encoding="UTF-8"?>
<!-- Generated by org.testng.reporters.JUnitXMLReporter -->
<testsuite hostname="DESKTOP-C6SQIIN" ignored="0" name="DS Introduction Page Test" tests="4" failures="0" timestamp="27 Jun 2022 23:38:12 GMT" time="7.949" errors="0">
  <testcase name="validUserShouldBeAbletoLandInDSIntroductionPage" time="0.016" classname="tests.DSIntroductionPageTest"/>
  <testcase name="validUserShouldBeRedirectedToTimeCompexityIntroduction" time="0.335" classname="tests.DSIntroductionPageTest"/>
  <testcase name="validUserShouldBeRedirectedToTryEditorPage" time="1.158" classname="tests.DSIntroductionPageTest"/>
  <testcase name="validUserShouldBeRedirectedToPracticeQuestions" time="0.486" classname="tests.DSIntroductionPageTest"/>
</testsuite> <!-- DS Introduction Page Test -->
