<?xml version="1.0" encoding="UTF-8"?>
<!-- Generated by org.testng.reporters.JUnitXMLReporter -->
<testsuite hostname="DESKTOP-C6SQIIN" ignored="0" name="Home Page Test" tests="9" failures="0" timestamp="23 Jun 2022 19:20:22 GMT" time="43.536" errors="0">
  <testcase name="UserShouldBeAbleToOpenDSPortalPage" time="0.024" classname="tests.HomePageTest"/>
  <testcase name="UserShouldBeAbleToOpenHomePage" time="0.903" classname="tests.HomePageTest"/>
  <testcase name="UserShouldbeAbleToSeePanesForDataStructures" time="1.152" classname="tests.HomePageTest"/>
  <testcase name="UserShouldGetAlertWhenClickGetStartedIntroductionButton" time="0.845" classname="tests.HomePageTest"/>
  <testcase name="UserShouldGetAlertWhenClicksAnyGetStartedButton" time="3.731" classname="tests.HomePageTest"/>
  <testcase name="UserShouldBeAbleToClickAndViewDropDownItems" time="1.063" classname="tests.HomePageTest"/>
  <testcase name="UserShouldGetAlertWhenSelectItemFromDropDown" time="3.711" classname="tests.HomePageTest"/>
  <testcase name="UserShouldBeAbleToGotoSignInPage" time="1.176" classname="tests.HomePageTest"/>
  <testcase name="UserShouldBeAbleToRegister" time="0.75" classname="tests.HomePageTest"/>
</testsuite> <!-- Home Page Test -->
