<?xml version="1.0" encoding="UTF-8"?>
<!-- Generated by org.testng.reporters.JUnitXMLReporter -->
<testsuite hostname="DESKTOP-C6SQIIN" ignored="0" name="Register Page Test" tests="9" failures="0" timestamp="27 Jun 2022 23:38:04 GMT" time="28.195" errors="0">
  <testcase name="UserShouldNotBeAbleToRegisterWithInvalidData" time="2.53" classname="tests.RegisterPageTest"/>
  <testcase name="UserShouldNotBeAbleToRegisterWithInvalidData" time="2.441" classname="tests.RegisterPageTest"/>
  <testcase name="UserShouldNotBeAbleToRegisterWithInvalidData" time="2.606" classname="tests.RegisterPageTest"/>
  <testcase name="UserShouldNotBeAbleToRegisterWithInvalidData" time="2.607" classname="tests.RegisterPageTest"/>
  <testcase name="UserShouldNotBeAbleToRegisterWithInvalidData" time="2.648" classname="tests.RegisterPageTest"/>
  <testcase name="UserShouldNotBeAbleToRegisterWithInvalidData" time="3.003" classname="tests.RegisterPageTest"/>
  <testcase name="UserShouldNotBeAbleToRegisterWithInvalidData" time="2.426" classname="tests.RegisterPageTest"/>
  <testcase name="UserShouldNotBeAbleToRegisterWithInvalidData" time="2.345" classname="tests.RegisterPageTest"/>
  <testcase name="UserIsSuccessfullyAbleToRegister" time="4.013" classname="tests.RegisterPageTest"/>
</testsuite> <!-- Register Page Test -->
