<?xml version="1.0" encoding="UTF-8"?>
<!-- Generated by org.testng.reporters.JUnitXMLReporter -->
<testsuite hostname="DESKTOP-C6SQIIN" ignored="0" name="Register Page Test" tests="9" failures="0" timestamp="16 Aug 2022 20:30:04 GMT" time="29.195" errors="0">
  <testcase name="UserShouldNotBeAbleToRegisterWithInvalidData" time="2.52" classname="tests.RegisterPageTest"/>
  <testcase name="UserShouldNotBeAbleToRegisterWithInvalidData" time="2.438" classname="tests.RegisterPageTest"/>
  <testcase name="UserShouldNotBeAbleToRegisterWithInvalidData" time="2.568" classname="tests.RegisterPageTest"/>
  <testcase name="UserShouldNotBeAbleToRegisterWithInvalidData" time="2.636" classname="tests.RegisterPageTest"/>
  <testcase name="UserShouldNotBeAbleToRegisterWithInvalidData" time="2.897" classname="tests.RegisterPageTest"/>
  <testcase name="UserShouldNotBeAbleToRegisterWithInvalidData" time="2.627" classname="tests.RegisterPageTest"/>
  <testcase name="UserShouldNotBeAbleToRegisterWithInvalidData" time="2.403" classname="tests.RegisterPageTest"/>
  <testcase name="UserShouldNotBeAbleToRegisterWithInvalidData" time="2.329" classname="tests.RegisterPageTest"/>
  <testcase name="UserIsSuccessfullyAbleToRegister" time="3.84" classname="tests.RegisterPageTest"/>
</testsuite> <!-- Register Page Test -->
