<?xml version="1.0" encoding="UTF-8"?>
<testng-results skipped="0" failed="2" ignored="0" total="67" passed="65">
  <reporter-output>
  </reporter-output>
  <suite name="DS Algo Basics" duration-ms="83816" started-at="2022-08-16T22:24:41Z" finished-at="2022-08-16T22:26:05Z">
    <groups>
    </groups>
    <test name="Home Page  Test" duration-ms="9793" started-at="2022-08-16T22:24:41Z" finished-at="2022-08-16T22:24:51Z">
      <class name="tests.HomePageTest">
        <test-method status="PASS" signature="setBrowser(java.lang.String)[pri:0, instance:tests.HomePageTest@41ee392b]" name="setBrowser" is-config="true" duration-ms="4516" started-at="2022-08-16T22:24:41Z" finished-at="2022-08-16T22:24:45Z">
          <params>
            <param index="0">
              <value>
                <![CDATA[chrome]]>
              </value>
            </param>
          </params>
          <reporter-output>
          </reporter-output>
        </test-method> <!-- setBrowser -->
        <test-method status="PASS" signature="setUp()[pri:0, instance:tests.HomePageTest@41ee392b]" name="setUp" is-config="true" duration-ms="32" started-at="2022-08-16T22:24:45Z" finished-at="2022-08-16T22:24:45Z">
          <reporter-output>
          </reporter-output>
        </test-method> <!-- setUp -->
        <test-method status="PASS" signature="UserShouldBeAbleToOpenDSPortalPage()[pri:1, instance:tests.HomePageTest@41ee392b]" name="UserShouldBeAbleToOpenDSPortalPage" duration-ms="74" started-at="2022-08-16T22:24:45Z" description="Verify DS Portal Page" finished-at="2022-08-16T22:24:45Z">
          <reporter-output>
          </reporter-output>
        </test-method> <!-- UserShouldBeAbleToOpenDSPortalPage -->
        <test-method status="PASS" signature="tearDown(org.testng.ITestResult, java.lang.String)[pri:0, instance:tests.HomePageTest@41ee392b]" name="tearDown" is-config="true" duration-ms="5" started-at="2022-08-16T22:24:45Z" finished-at="2022-08-16T22:24:45Z">
          <params>
            <param index="0">
              <value>
                <![CDATA[[TestResult name=UserShouldBeAbleToOpenDSPortalPage status=SUCCESS method=HomePageTest.UserShouldBeAbleToOpenDSPortalPage()[pri:1, instance:tests.HomePageTest@41ee392b] output={null}]]]>
              </value>
            </param>
            <param index="1">
              <value>
                <![CDATA[chrome]]>
              </value>
            </param>
          </params>
          <reporter-output>
          </reporter-output>
        </test-method> <!-- tearDown -->
        <test-method status="PASS" signature="UserShouldBeAbleToOpenHomePage()[pri:2, instance:tests.HomePageTest@41ee392b]" name="UserShouldBeAbleToOpenHomePage" duration-ms="780" started-at="2022-08-16T22:24:46Z" finished-at="2022-08-16T22:24:46Z">
          <reporter-output>
          </reporter-output>
        </test-method> <!-- UserShouldBeAbleToOpenHomePage -->
        <test-method status="PASS" signature="tearDown(org.testng.ITestResult, java.lang.String)[pri:0, instance:tests.HomePageTest@41ee392b]" name="tearDown" is-config="true" duration-ms="0" started-at="2022-08-16T22:24:46Z" finished-at="2022-08-16T22:24:46Z">
          <params>
            <param index="0">
              <value>
                <![CDATA[[TestResult name=UserShouldBeAbleToOpenHomePage status=SUCCESS method=HomePageTest.UserShouldBeAbleToOpenHomePage()[pri:2, instance:tests.HomePageTest@41ee392b] output={null}]]]>
              </value>
            </param>
            <param index="1">
              <value>
                <![CDATA[chrome]]>
              </value>
            </param>
          </params>
          <reporter-output>
          </reporter-output>
        </test-method> <!-- tearDown -->
        <test-method status="PASS" signature="UserShouldbeAbleToSeePanesForDataStructures()[pri:3, instance:tests.HomePageTest@41ee392b]" name="UserShouldbeAbleToSeePanesForDataStructures" duration-ms="35" started-at="2022-08-16T22:24:46Z" finished-at="2022-08-16T22:24:46Z">
          <reporter-output>
          </reporter-output>
        </test-method> <!-- UserShouldbeAbleToSeePanesForDataStructures -->
        <test-method status="PASS" signature="tearDown(org.testng.ITestResult, java.lang.String)[pri:0, instance:tests.HomePageTest@41ee392b]" name="tearDown" is-config="true" duration-ms="1" started-at="2022-08-16T22:24:46Z" finished-at="2022-08-16T22:24:46Z">
          <params>
            <param index="0">
              <value>
                <![CDATA[[TestResult name=UserShouldbeAbleToSeePanesForDataStructures status=SUCCESS method=HomePageTest.UserShouldbeAbleToSeePanesForDataStructures()[pri:3, instance:tests.HomePageTest@41ee392b] output={null}]]]>
              </value>
            </param>
            <param index="1">
              <value>
                <![CDATA[chrome]]>
              </value>
            </param>
          </params>
          <reporter-output>
          </reporter-output>
        </test-method> <!-- tearDown -->
        <test-method status="PASS" signature="UserShouldGetAlertWhenClickGetStartedIntroductionButton()[pri:4, instance:tests.HomePageTest@41ee392b]" name="UserShouldGetAlertWhenClickGetStartedIntroductionButton" duration-ms="318" started-at="2022-08-16T22:24:46Z" finished-at="2022-08-16T22:24:47Z">
          <reporter-output>
          </reporter-output>
        </test-method> <!-- UserShouldGetAlertWhenClickGetStartedIntroductionButton -->
        <test-method status="PASS" signature="tearDown(org.testng.ITestResult, java.lang.String)[pri:0, instance:tests.HomePageTest@41ee392b]" name="tearDown" is-config="true" duration-ms="1" started-at="2022-08-16T22:24:47Z" finished-at="2022-08-16T22:24:47Z">
          <params>
            <param index="0">
              <value>
                <![CDATA[[TestResult name=UserShouldGetAlertWhenClickGetStartedIntroductionButton status=SUCCESS method=HomePageTest.UserShouldGetAlertWhenClickGetStartedIntroductionButton()[pri:4, instance:tests.HomePageTest@41ee392b] output={null}]]]>
              </value>
            </param>
            <param index="1">
              <value>
                <![CDATA[chrome]]>
              </value>
            </param>
          </params>
          <reporter-output>
          </reporter-output>
        </test-method> <!-- tearDown -->
        <test-method status="PASS" signature="UserShouldGetAlertWhenClicksArrayGetStartedButton()[pri:5, instance:tests.HomePageTest@41ee392b]" name="UserShouldGetAlertWhenClicksArrayGetStartedButton" duration-ms="331" started-at="2022-08-16T22:24:47Z" finished-at="2022-08-16T22:24:47Z">
          <reporter-output>
          </reporter-output>
        </test-method> <!-- UserShouldGetAlertWhenClicksArrayGetStartedButton -->
        <test-method status="PASS" signature="tearDown(org.testng.ITestResult, java.lang.String)[pri:0, instance:tests.HomePageTest@41ee392b]" name="tearDown" is-config="true" duration-ms="0" started-at="2022-08-16T22:24:47Z" finished-at="2022-08-16T22:24:47Z">
          <params>
            <param index="0">
              <value>
                <![CDATA[[TestResult name=UserShouldGetAlertWhenClicksArrayGetStartedButton status=SUCCESS method=HomePageTest.UserShouldGetAlertWhenClicksArrayGetStartedButton()[pri:5, instance:tests.HomePageTest@41ee392b] output={null}]]]>
              </value>
            </param>
            <param index="1">
              <value>
                <![CDATA[chrome]]>
              </value>
            </param>
          </params>
          <reporter-output>
          </reporter-output>
        </test-method> <!-- tearDown -->
        <test-method status="PASS" signature="UserShouldGetAlertWhenClicksLinkedListGetStartedButton()[pri:6, instance:tests.HomePageTest@41ee392b]" name="UserShouldGetAlertWhenClicksLinkedListGetStartedButton" duration-ms="261" started-at="2022-08-16T22:24:47Z" finished-at="2022-08-16T22:24:47Z">
          <reporter-output>
          </reporter-output>
        </test-method> <!-- UserShouldGetAlertWhenClicksLinkedListGetStartedButton -->
        <test-method status="PASS" signature="tearDown(org.testng.ITestResult, java.lang.String)[pri:0, instance:tests.HomePageTest@41ee392b]" name="tearDown" is-config="true" duration-ms="1" started-at="2022-08-16T22:24:47Z" finished-at="2022-08-16T22:24:47Z">
          <params>
            <param index="0">
              <value>
                <![CDATA[[TestResult name=UserShouldGetAlertWhenClicksLinkedListGetStartedButton status=SUCCESS method=HomePageTest.UserShouldGetAlertWhenClicksLinkedListGetStartedButton()[pri:6, instance:tests.HomePageTest@41ee392b] output={null}]]]>
              </value>
            </param>
            <param index="1">
              <value>
                <![CDATA[chrome]]>
              </value>
            </param>
          </params>
          <reporter-output>
          </reporter-output>
        </test-method> <!-- tearDown -->
        <test-method status="FAIL" signature="UserShouldGetAlertWhenClicksStackGetStartedButton()[pri:7, instance:tests.HomePageTest@41ee392b]" name="UserShouldGetAlertWhenClicksStackGetStartedButton" duration-ms="269" started-at="2022-08-16T22:24:47Z" finished-at="2022-08-16T22:24:48Z">
          <exception class="java.lang.AssertionError">
            <message>
              <![CDATA[Alert message is not Displayed expected [You are not loged in] but found [You are not logged in]]]>
            </message>
            <full-stacktrace>
              <![CDATA[java.lang.AssertionError: Alert message is not Displayed expected [You are not loged in] but found [You are not logged in]
at org.testng.Assert.fail(Assert.java:96)
at org.testng.Assert.failNotEquals(Assert.java:776)
at org.testng.Assert.assertEqualsImpl(Assert.java:137)
at org.testng.Assert.assertEquals(Assert.java:118)
at org.testng.Assert.assertEquals(Assert.java:453)
at tests.HomePageTest.UserShouldGetAlertWhenClicksStackGetStartedButton(HomePageTest.java:99)
at sun.reflect.NativeMethodAccessorImpl.invoke0(Native Method)
at sun.reflect.NativeMethodAccessorImpl.invoke(NativeMethodAccessorImpl.java:62)
at sun.reflect.DelegatingMethodAccessorImpl.invoke(DelegatingMethodAccessorImpl.java:43)
at java.lang.reflect.Method.invoke(Method.java:498)
at org.testng.internal.MethodInvocationHelper.invokeMethod(MethodInvocationHelper.java:124)
at org.testng.internal.Invoker.invokeMethod(Invoker.java:583)
at org.testng.internal.Invoker.invokeTestMethod(Invoker.java:719)
at org.testng.internal.Invoker.invokeTestMethods(Invoker.java:989)
at org.testng.internal.TestMethodWorker.invokeTestMethods(TestMethodWorker.java:125)
at org.testng.internal.TestMethodWorker.run(TestMethodWorker.java:109)
at org.testng.TestRunner.privateRun(TestRunner.java:648)
at org.testng.TestRunner.run(TestRunner.java:505)
at org.testng.SuiteRunner.runTest(SuiteRunner.java:455)
at org.testng.SuiteRunner.runSequentially(SuiteRunner.java:450)
at org.testng.SuiteRunner.privateRun(SuiteRunner.java:415)
at org.testng.SuiteRunner.run(SuiteRunner.java:364)
at org.testng.SuiteRunnerWorker.runSuite(SuiteRunnerWorker.java:52)
at org.testng.SuiteRunnerWorker.run(SuiteRunnerWorker.java:84)
at org.testng.TestNG.runSuitesSequentially(TestNG.java:1208)
at org.testng.TestNG.runSuitesLocally(TestNG.java:1137)
at org.testng.TestNG.runSuites(TestNG.java:1049)
at org.testng.TestNG.run(TestNG.java:1017)
at org.apache.maven.surefire.testng.TestNGExecutor.run(TestNGExecutor.java:281)
at org.apache.maven.surefire.testng.TestNGXmlTestSuite.execute(TestNGXmlTestSuite.java:75)
at org.apache.maven.surefire.testng.TestNGProvider.invoke(TestNGProvider.java:121)
at org.apache.maven.surefire.booter.ForkedBooter.invokeProviderInSameClassLoader(ForkedBooter.java:290)
at org.apache.maven.surefire.booter.ForkedBooter.runSuitesInProcess(ForkedBooter.java:242)
at org.apache.maven.surefire.booter.ForkedBooter.main(ForkedBooter.java:121)
]]>
            </full-stacktrace>
          </exception> <!-- java.lang.AssertionError -->
          <reporter-output>
          </reporter-output>
        </test-method> <!-- UserShouldGetAlertWhenClicksStackGetStartedButton -->
        <test-method status="PASS" signature="tearDown(org.testng.ITestResult, java.lang.String)[pri:0, instance:tests.HomePageTest@41ee392b]" name="tearDown" is-config="true" duration-ms="205" started-at="2022-08-16T22:24:48Z" finished-at="2022-08-16T22:24:48Z">
          <params>
            <param index="0">
              <value>
                <![CDATA[[TestResult name=UserShouldGetAlertWhenClicksStackGetStartedButton status=FAILURE method=HomePageTest.UserShouldGetAlertWhenClicksStackGetStartedButton()[pri:7, instance:tests.HomePageTest@41ee392b] output={null}]]]>
              </value>
            </param>
            <param index="1">
              <value>
                <![CDATA[chrome]]>
              </value>
            </param>
          </params>
          <reporter-output>
          </reporter-output>
        </test-method> <!-- tearDown -->
        <test-method status="PASS" signature="UserShouldGetAlertWhenClicksQueueGetStartedButton()[pri:8, instance:tests.HomePageTest@41ee392b]" name="UserShouldGetAlertWhenClicksQueueGetStartedButton" duration-ms="321" started-at="2022-08-16T22:24:48Z" finished-at="2022-08-16T22:24:48Z">
          <reporter-output>
          </reporter-output>
        </test-method> <!-- UserShouldGetAlertWhenClicksQueueGetStartedButton -->
        <test-method status="PASS" signature="tearDown(org.testng.ITestResult, java.lang.String)[pri:0, instance:tests.HomePageTest@41ee392b]" name="tearDown" is-config="true" duration-ms="0" started-at="2022-08-16T22:24:48Z" finished-at="2022-08-16T22:24:48Z">
          <params>
            <param index="0">
              <value>
                <![CDATA[[TestResult name=UserShouldGetAlertWhenClicksQueueGetStartedButton status=SUCCESS method=HomePageTest.UserShouldGetAlertWhenClicksQueueGetStartedButton()[pri:8, instance:tests.HomePageTest@41ee392b] output={null}]]]>
              </value>
            </param>
            <param index="1">
              <value>
                <![CDATA[chrome]]>
              </value>
            </param>
          </params>
          <reporter-output>
          </reporter-output>
        </test-method> <!-- tearDown -->
        <test-method status="PASS" signature="UserShouldGetAlertWhenClicksTreeGetStartedButton()[pri:9, instance:tests.HomePageTest@41ee392b]" name="UserShouldGetAlertWhenClicksTreeGetStartedButton" duration-ms="300" started-at="2022-08-16T22:24:48Z" finished-at="2022-08-16T22:24:48Z">
          <reporter-output>
          </reporter-output>
        </test-method> <!-- UserShouldGetAlertWhenClicksTreeGetStartedButton -->
        <test-method status="PASS" signature="tearDown(org.testng.ITestResult, java.lang.String)[pri:0, instance:tests.HomePageTest@41ee392b]" name="tearDown" is-config="true" duration-ms="1" started-at="2022-08-16T22:24:48Z" finished-at="2022-08-16T22:24:48Z">
          <params>
            <param index="0">
              <value>
                <![CDATA[[TestResult name=UserShouldGetAlertWhenClicksTreeGetStartedButton status=SUCCESS method=HomePageTest.UserShouldGetAlertWhenClicksTreeGetStartedButton()[pri:9, instance:tests.HomePageTest@41ee392b] output={null}]]]>
              </value>
            </param>
            <param index="1">
              <value>
                <![CDATA[chrome]]>
              </value>
            </param>
          </params>
          <reporter-output>
          </reporter-output>
        </test-method> <!-- tearDown -->
        <test-method status="PASS" signature="UserShouldGetAlertWhenClicksGraphGetStartedButton()[pri:10, instance:tests.HomePageTest@41ee392b]" name="UserShouldGetAlertWhenClicksGraphGetStartedButton" duration-ms="325" started-at="2022-08-16T22:24:48Z" finished-at="2022-08-16T22:24:49Z">
          <reporter-output>
          </reporter-output>
        </test-method> <!-- UserShouldGetAlertWhenClicksGraphGetStartedButton -->
        <test-method status="PASS" signature="tearDown(org.testng.ITestResult, java.lang.String)[pri:0, instance:tests.HomePageTest@41ee392b]" name="tearDown" is-config="true" duration-ms="0" started-at="2022-08-16T22:24:49Z" finished-at="2022-08-16T22:24:49Z">
          <params>
            <param index="0">
              <value>
                <![CDATA[[TestResult name=UserShouldGetAlertWhenClicksGraphGetStartedButton status=SUCCESS method=HomePageTest.UserShouldGetAlertWhenClicksGraphGetStartedButton()[pri:10, instance:tests.HomePageTest@41ee392b] output={null}]]]>
              </value>
            </param>
            <param index="1">
              <value>
                <![CDATA[chrome]]>
              </value>
            </param>
          </params>
          <reporter-output>
          </reporter-output>
        </test-method> <!-- tearDown -->
        <test-method status="PASS" signature="UserShouldBeAbleToClickAndViewDropDownItems()[pri:11, instance:tests.HomePageTest@41ee392b]" name="UserShouldBeAbleToClickAndViewDropDownItems" duration-ms="97" started-at="2022-08-16T22:24:49Z" finished-at="2022-08-16T22:24:49Z">
          <reporter-output>
          </reporter-output>
        </test-method> <!-- UserShouldBeAbleToClickAndViewDropDownItems -->
        <test-method status="PASS" signature="tearDown(org.testng.ITestResult, java.lang.String)[pri:0, instance:tests.HomePageTest@41ee392b]" name="tearDown" is-config="true" duration-ms="1" started-at="2022-08-16T22:24:49Z" finished-at="2022-08-16T22:24:49Z">
          <params>
            <param index="0">
              <value>
                <![CDATA[[TestResult name=UserShouldBeAbleToClickAndViewDropDownItems status=SUCCESS method=HomePageTest.UserShouldBeAbleToClickAndViewDropDownItems()[pri:11, instance:tests.HomePageTest@41ee392b] output={null}]]]>
              </value>
            </param>
            <param index="1">
              <value>
                <![CDATA[chrome]]>
              </value>
            </param>
          </params>
          <reporter-output>
          </reporter-output>
        </test-method> <!-- tearDown -->
        <test-method status="PASS" signature="UserShouldGetAlertWhenSelectArrayItemFromDropDown()[pri:12, instance:tests.HomePageTest@41ee392b]" name="UserShouldGetAlertWhenSelectArrayItemFromDropDown" duration-ms="299" started-at="2022-08-16T22:24:49Z" finished-at="2022-08-16T22:24:49Z">
          <reporter-output>
          </reporter-output>
        </test-method> <!-- UserShouldGetAlertWhenSelectArrayItemFromDropDown -->
        <test-method status="PASS" signature="tearDown(org.testng.ITestResult, java.lang.String)[pri:0, instance:tests.HomePageTest@41ee392b]" name="tearDown" is-config="true" duration-ms="1" started-at="2022-08-16T22:24:49Z" finished-at="2022-08-16T22:24:49Z">
          <params>
            <param index="0">
              <value>
                <![CDATA[[TestResult name=UserShouldGetAlertWhenSelectArrayItemFromDropDown status=SUCCESS method=HomePageTest.UserShouldGetAlertWhenSelectArrayItemFromDropDown()[pri:12, instance:tests.HomePageTest@41ee392b] output={null}]]]>
              </value>
            </param>
            <param index="1">
              <value>
                <![CDATA[chrome]]>
              </value>
            </param>
          </params>
          <reporter-output>
          </reporter-output>
        </test-method> <!-- tearDown -->
        <test-method status="PASS" signature="UserShouldBeAbleToGotoSignInPage()[pri:13, instance:tests.HomePageTest@41ee392b]" name="UserShouldBeAbleToGotoSignInPage" duration-ms="171" started-at="2022-08-16T22:24:49Z" finished-at="2022-08-16T22:24:49Z">
          <reporter-output>
          </reporter-output>
        </test-method> <!-- UserShouldBeAbleToGotoSignInPage -->
        <test-method status="PASS" signature="tearDown(org.testng.ITestResult, java.lang.String)[pri:0, instance:tests.HomePageTest@41ee392b]" name="tearDown" is-config="true" duration-ms="1" started-at="2022-08-16T22:24:49Z" finished-at="2022-08-16T22:24:49Z">
          <params>
            <param index="0">
              <value>
                <![CDATA[[TestResult name=UserShouldBeAbleToGotoSignInPage status=SUCCESS method=HomePageTest.UserShouldBeAbleToGotoSignInPage()[pri:13, instance:tests.HomePageTest@41ee392b] output={null}]]]>
              </value>
            </param>
            <param index="1">
              <value>
                <![CDATA[chrome]]>
              </value>
            </param>
          </params>
          <reporter-output>
          </reporter-output>
        </test-method> <!-- tearDown -->
        <test-method status="PASS" signature="UserShouldBeAbleToRegister()[pri:14, instance:tests.HomePageTest@41ee392b]" name="UserShouldBeAbleToRegister" duration-ms="182" started-at="2022-08-16T22:24:49Z" finished-at="2022-08-16T22:24:49Z">
          <reporter-output>
          </reporter-output>
        </test-method> <!-- UserShouldBeAbleToRegister -->
        <test-method status="PASS" signature="tearDown(org.testng.ITestResult, java.lang.String)[pri:0, instance:tests.HomePageTest@41ee392b]" name="tearDown" is-config="true" duration-ms="1" started-at="2022-08-16T22:24:49Z" finished-at="2022-08-16T22:24:49Z">
          <params>
            <param index="0">
              <value>
                <![CDATA[[TestResult name=UserShouldBeAbleToRegister status=SUCCESS method=HomePageTest.UserShouldBeAbleToRegister()[pri:14, instance:tests.HomePageTest@41ee392b] output={null}]]]>
              </value>
            </param>
            <param index="1">
              <value>
                <![CDATA[chrome]]>
              </value>
            </param>
          </params>
          <reporter-output>
          </reporter-output>
        </test-method> <!-- tearDown -->
        <test-method status="PASS" signature="endReport()[pri:0, instance:tests.HomePageTest@41ee392b]" name="endReport" is-config="true" duration-ms="1065" started-at="2022-08-16T22:24:49Z" finished-at="2022-08-16T22:24:51Z">
          <reporter-output>
          </reporter-output>
        </test-method> <!-- endReport -->
      </class> <!-- tests.HomePageTest -->
    </test> <!-- Home Page  Test -->
    <test name="Register Page Test" duration-ms="30938" started-at="2022-08-16T22:24:51Z" finished-at="2022-08-16T22:25:22Z">
      <class name="tests.RegisterPageTest">
        <test-method status="PASS" signature="setBrowser(java.lang.String)[pri:0, instance:tests.RegisterPageTest@2b546384]" name="setBrowser" is-config="true" duration-ms="1637" started-at="2022-08-16T22:24:51Z" finished-at="2022-08-16T22:24:52Z">
          <params>
            <param index="0">
              <value>
                <![CDATA[chrome]]>
              </value>
            </param>
          </params>
          <reporter-output>
          </reporter-output>
        </test-method> <!-- setBrowser -->
        <test-method status="PASS" signature="setUp()[pri:0, instance:tests.RegisterPageTest@2b546384]" name="setUp" is-config="true" duration-ms="1668" started-at="2022-08-16T22:24:52Z" finished-at="2022-08-16T22:24:54Z">
          <reporter-output>
          </reporter-output>
        </test-method> <!-- setUp -->
        <test-method status="PASS" signature="UserShouldNotBeAbleToRegisterWithInvalidData(java.lang.String, java.lang.String, java.lang.String, java.lang.String)[pri:1, instance:tests.RegisterPageTest@2b546384]" name="UserShouldNotBeAbleToRegisterWithInvalidData" duration-ms="2527" started-at="2022-08-16T22:24:55Z" data-provider="InvalidRegistrationData" finished-at="2022-08-16T22:24:58Z">
          <params>
            <param index="0">
              <value>
                <![CDATA[User enters only Username]]>
              </value>
            </param>
            <param index="1">
              <value>
                <![CDATA[tom]]>
              </value>
            </param>
            <param index="2">
              <value>
                <![CDATA[]]>
              </value>
            </param>
            <param index="3">
              <value>
                <![CDATA[]]>
              </value>
            </param>
          </params>
          <reporter-output>
          </reporter-output>
        </test-method> <!-- UserShouldNotBeAbleToRegisterWithInvalidData -->
        <test-method status="PASS" signature="tearDown(org.testng.ITestResult, java.lang.String)[pri:0, instance:tests.RegisterPageTest@2b546384]" name="tearDown" is-config="true" duration-ms="0" started-at="2022-08-16T22:24:58Z" finished-at="2022-08-16T22:24:58Z">
          <params>
            <param index="0">
              <value>
                <![CDATA[[TestResult name=UserShouldNotBeAbleToRegisterWithInvalidData status=SUCCESS method=RegisterPageTest.UserShouldNotBeAbleToRegisterWithInvalidData(java.lang.String, java.lang.String, java.lang.String, java.lang.String)[pri:1, instance:tests.RegisterPageTest@2b546384] output={null}]]]>
              </value>
            </param>
            <param index="1">
              <value>
                <![CDATA[chrome]]>
              </value>
            </param>
          </params>
          <reporter-output>
          </reporter-output>
        </test-method> <!-- tearDown -->
        <test-method status="PASS" signature="UserShouldNotBeAbleToRegisterWithInvalidData(java.lang.String, java.lang.String, java.lang.String, java.lang.String)[pri:1, instance:tests.RegisterPageTest@2b546384]" name="UserShouldNotBeAbleToRegisterWithInvalidData" duration-ms="2432" started-at="2022-08-16T22:24:58Z" data-provider="InvalidRegistrationData" finished-at="2022-08-16T22:25:00Z">
          <params>
            <param index="0">
              <value>
                <![CDATA[User does not re-enter Password]]>
              </value>
            </param>
            <param index="1">
              <value>
                <![CDATA[tom]]>
              </value>
            </param>
            <param index="2">
              <value>
                <![CDATA[01Mynumpy]]>
              </value>
            </param>
            <param index="3">
              <value>
                <![CDATA[]]>
              </value>
            </param>
          </params>
          <reporter-output>
          </reporter-output>
        </test-method> <!-- UserShouldNotBeAbleToRegisterWithInvalidData -->
        <test-method status="PASS" signature="tearDown(org.testng.ITestResult, java.lang.String)[pri:0, instance:tests.RegisterPageTest@2b546384]" name="tearDown" is-config="true" duration-ms="1" started-at="2022-08-16T22:25:00Z" finished-at="2022-08-16T22:25:00Z">
          <params>
            <param index="0">
              <value>
                <![CDATA[[TestResult name=UserShouldNotBeAbleToRegisterWithInvalidData status=SUCCESS method=RegisterPageTest.UserShouldNotBeAbleToRegisterWithInvalidData(java.lang.String, java.lang.String, java.lang.String, java.lang.String)[pri:1, instance:tests.RegisterPageTest@2b546384] output={null}]]]>
              </value>
            </param>
            <param index="1">
              <value>
                <![CDATA[chrome]]>
              </value>
            </param>
          </params>
          <reporter-output>
          </reporter-output>
        </test-method> <!-- tearDown -->
        <test-method status="PASS" signature="UserShouldNotBeAbleToRegisterWithInvalidData(java.lang.String, java.lang.String, java.lang.String, java.lang.String)[pri:1, instance:tests.RegisterPageTest@2b546384]" name="UserShouldNotBeAbleToRegisterWithInvalidData" duration-ms="2967" started-at="2022-08-16T22:25:00Z" data-provider="InvalidRegistrationData" finished-at="2022-08-16T22:25:03Z">
          <params>
            <param index="0">
              <value>
                <![CDATA[User enters Invalid Username]]>
              </value>
            </param>
            <param index="1">
              <value>
                <![CDATA[!!##]]>
              </value>
            </param>
            <param index="2">
              <value>
                <![CDATA[01Mynumpy]]>
              </value>
            </param>
            <param index="3">
              <value>
                <![CDATA[01Mynumpy]]>
              </value>
            </param>
          </params>
          <reporter-output>
          </reporter-output>
        </test-method> <!-- UserShouldNotBeAbleToRegisterWithInvalidData -->
        <test-method status="PASS" signature="tearDown(org.testng.ITestResult, java.lang.String)[pri:0, instance:tests.RegisterPageTest@2b546384]" name="tearDown" is-config="true" duration-ms="1" started-at="2022-08-16T22:25:03Z" finished-at="2022-08-16T22:25:03Z">
          <params>
            <param index="0">
              <value>
                <![CDATA[[TestResult name=UserShouldNotBeAbleToRegisterWithInvalidData status=SUCCESS method=RegisterPageTest.UserShouldNotBeAbleToRegisterWithInvalidData(java.lang.String, java.lang.String, java.lang.String, java.lang.String)[pri:1, instance:tests.RegisterPageTest@2b546384] output={null}]]]>
              </value>
            </param>
            <param index="1">
              <value>
                <![CDATA[chrome]]>
              </value>
            </param>
          </params>
          <reporter-output>
          </reporter-output>
        </test-method> <!-- tearDown -->
        <test-method status="PASS" signature="UserShouldNotBeAbleToRegisterWithInvalidData(java.lang.String, java.lang.String, java.lang.String, java.lang.String)[pri:1, instance:tests.RegisterPageTest@2b546384]" name="UserShouldNotBeAbleToRegisterWithInvalidData" duration-ms="2887" started-at="2022-08-16T22:25:03Z" data-provider="InvalidRegistrationData" finished-at="2022-08-16T22:25:06Z">
          <params>
            <param index="0">
              <value>
                <![CDATA[User enters incorrect password while Re-entering password]]>
              </value>
            </param>
            <param index="1">
              <value>
                <![CDATA[tom]]>
              </value>
            </param>
            <param index="2">
              <value>
                <![CDATA[01Mynumpy]]>
              </value>
            </param>
            <param index="3">
              <value>
                <![CDATA[01Mynnumpy]]>
              </value>
            </param>
          </params>
          <reporter-output>
          </reporter-output>
        </test-method> <!-- UserShouldNotBeAbleToRegisterWithInvalidData -->
        <test-method status="PASS" signature="tearDown(org.testng.ITestResult, java.lang.String)[pri:0, instance:tests.RegisterPageTest@2b546384]" name="tearDown" is-config="true" duration-ms="1" started-at="2022-08-16T22:25:06Z" finished-at="2022-08-16T22:25:06Z">
          <params>
            <param index="0">
              <value>
                <![CDATA[[TestResult name=UserShouldNotBeAbleToRegisterWithInvalidData status=SUCCESS method=RegisterPageTest.UserShouldNotBeAbleToRegisterWithInvalidData(java.lang.String, java.lang.String, java.lang.String, java.lang.String)[pri:1, instance:tests.RegisterPageTest@2b546384] output={null}]]]>
              </value>
            </param>
            <param index="1">
              <value>
                <![CDATA[chrome]]>
              </value>
            </param>
          </params>
          <reporter-output>
          </reporter-output>
        </test-method> <!-- tearDown -->
        <test-method status="PASS" signature="UserShouldNotBeAbleToRegisterWithInvalidData(java.lang.String, java.lang.String, java.lang.String, java.lang.String)[pri:1, instance:tests.RegisterPageTest@2b546384]" name="UserShouldNotBeAbleToRegisterWithInvalidData" duration-ms="2752" started-at="2022-08-16T22:25:06Z" data-provider="InvalidRegistrationData" finished-at="2022-08-16T22:25:09Z">
          <params>
            <param index="0">
              <value>
                <![CDATA[User enters InvalidPassword(less than 8 characters )]]>
              </value>
            </param>
            <param index="1">
              <value>
                <![CDATA[tom]]>
              </value>
            </param>
            <param index="2">
              <value>
                <![CDATA[01Numpy]]>
              </value>
            </param>
            <param index="3">
              <value>
                <![CDATA[01Numpy]]>
              </value>
            </param>
          </params>
          <reporter-output>
          </reporter-output>
        </test-method> <!-- UserShouldNotBeAbleToRegisterWithInvalidData -->
        <test-method status="PASS" signature="tearDown(org.testng.ITestResult, java.lang.String)[pri:0, instance:tests.RegisterPageTest@2b546384]" name="tearDown" is-config="true" duration-ms="1" started-at="2022-08-16T22:25:09Z" finished-at="2022-08-16T22:25:09Z">
          <params>
            <param index="0">
              <value>
                <![CDATA[[TestResult name=UserShouldNotBeAbleToRegisterWithInvalidData status=SUCCESS method=RegisterPageTest.UserShouldNotBeAbleToRegisterWithInvalidData(java.lang.String, java.lang.String, java.lang.String, java.lang.String)[pri:1, instance:tests.RegisterPageTest@2b546384] output={null}]]]>
              </value>
            </param>
            <param index="1">
              <value>
                <![CDATA[chrome]]>
              </value>
            </param>
          </params>
          <reporter-output>
          </reporter-output>
        </test-method> <!-- tearDown -->
        <test-method status="PASS" signature="UserShouldNotBeAbleToRegisterWithInvalidData(java.lang.String, java.lang.String, java.lang.String, java.lang.String)[pri:1, instance:tests.RegisterPageTest@2b546384]" name="UserShouldNotBeAbleToRegisterWithInvalidData" duration-ms="2650" started-at="2022-08-16T22:25:09Z" data-provider="InvalidRegistrationData" finished-at="2022-08-16T22:25:11Z">
          <params>
            <param index="0">
              <value>
                <![CDATA[User enters Invalid Password(Only numerics)]]>
              </value>
            </param>
            <param index="1">
              <value>
                <![CDATA[tom]]>
              </value>
            </param>
            <param index="2">
              <value>
                <![CDATA[12345]]>
              </value>
            </param>
            <param index="3">
              <value>
                <![CDATA[12345]]>
              </value>
            </param>
          </params>
          <reporter-output>
          </reporter-output>
        </test-method> <!-- UserShouldNotBeAbleToRegisterWithInvalidData -->
        <test-method status="PASS" signature="tearDown(org.testng.ITestResult, java.lang.String)[pri:0, instance:tests.RegisterPageTest@2b546384]" name="tearDown" is-config="true" duration-ms="1" started-at="2022-08-16T22:25:11Z" finished-at="2022-08-16T22:25:11Z">
          <params>
            <param index="0">
              <value>
                <![CDATA[[TestResult name=UserShouldNotBeAbleToRegisterWithInvalidData status=SUCCESS method=RegisterPageTest.UserShouldNotBeAbleToRegisterWithInvalidData(java.lang.String, java.lang.String, java.lang.String, java.lang.String)[pri:1, instance:tests.RegisterPageTest@2b546384] output={null}]]]>
              </value>
            </param>
            <param index="1">
              <value>
                <![CDATA[chrome]]>
              </value>
            </param>
          </params>
          <reporter-output>
          </reporter-output>
        </test-method> <!-- tearDown -->
        <test-method status="PASS" signature="UserShouldNotBeAbleToRegisterWithInvalidData(java.lang.String, java.lang.String, java.lang.String, java.lang.String)[pri:1, instance:tests.RegisterPageTest@2b546384]" name="UserShouldNotBeAbleToRegisterWithInvalidData" duration-ms="2443" started-at="2022-08-16T22:25:11Z" data-provider="InvalidRegistrationData" finished-at="2022-08-16T22:25:14Z">
          <params>
            <param index="0">
              <value>
                <![CDATA[User does not enter UserName ]]>
              </value>
            </param>
            <param index="1">
              <value>
                <![CDATA[]]>
              </value>
            </param>
            <param index="2">
              <value>
                <![CDATA[01Myninja]]>
              </value>
            </param>
            <param index="3">
              <value>
                <![CDATA[01Myninja]]>
              </value>
            </param>
          </params>
          <reporter-output>
          </reporter-output>
        </test-method> <!-- UserShouldNotBeAbleToRegisterWithInvalidData -->
        <test-method status="PASS" signature="tearDown(org.testng.ITestResult, java.lang.String)[pri:0, instance:tests.RegisterPageTest@2b546384]" name="tearDown" is-config="true" duration-ms="2" started-at="2022-08-16T22:25:14Z" finished-at="2022-08-16T22:25:14Z">
          <params>
            <param index="0">
              <value>
                <![CDATA[[TestResult name=UserShouldNotBeAbleToRegisterWithInvalidData status=SUCCESS method=RegisterPageTest.UserShouldNotBeAbleToRegisterWithInvalidData(java.lang.String, java.lang.String, java.lang.String, java.lang.String)[pri:1, instance:tests.RegisterPageTest@2b546384] output={null}]]]>
              </value>
            </param>
            <param index="1">
              <value>
                <![CDATA[chrome]]>
              </value>
            </param>
          </params>
          <reporter-output>
          </reporter-output>
        </test-method> <!-- tearDown -->
        <test-method status="PASS" signature="UserShouldNotBeAbleToRegisterWithInvalidData(java.lang.String, java.lang.String, java.lang.String, java.lang.String)[pri:1, instance:tests.RegisterPageTest@2b546384]" name="UserShouldNotBeAbleToRegisterWithInvalidData" duration-ms="2378" started-at="2022-08-16T22:25:14Z" data-provider="InvalidRegistrationData" finished-at="2022-08-16T22:25:16Z">
          <params>
            <param index="0">
              <value>
                <![CDATA[User enters All fields Empty]]>
              </value>
            </param>
            <param index="1">
              <value>
                <![CDATA[]]>
              </value>
            </param>
            <param index="2">
              <value>
                <![CDATA[]]>
              </value>
            </param>
            <param index="3">
              <value>
                <![CDATA[]]>
              </value>
            </param>
          </params>
          <reporter-output>
          </reporter-output>
        </test-method> <!-- UserShouldNotBeAbleToRegisterWithInvalidData -->
        <test-method status="PASS" signature="tearDown(org.testng.ITestResult, java.lang.String)[pri:0, instance:tests.RegisterPageTest@2b546384]" name="tearDown" is-config="true" duration-ms="1" started-at="2022-08-16T22:25:16Z" finished-at="2022-08-16T22:25:16Z">
          <params>
            <param index="0">
              <value>
                <![CDATA[[TestResult name=UserShouldNotBeAbleToRegisterWithInvalidData status=SUCCESS method=RegisterPageTest.UserShouldNotBeAbleToRegisterWithInvalidData(java.lang.String, java.lang.String, java.lang.String, java.lang.String)[pri:1, instance:tests.RegisterPageTest@2b546384] output={null}]]]>
              </value>
            </param>
            <param index="1">
              <value>
                <![CDATA[chrome]]>
              </value>
            </param>
          </params>
          <reporter-output>
          </reporter-output>
        </test-method> <!-- tearDown -->
        <test-method status="PASS" signature="UserIsSuccessfullyAbleToRegister()[pri:2, instance:tests.RegisterPageTest@2b546384]" name="UserIsSuccessfullyAbleToRegister" duration-ms="4262" started-at="2022-08-16T22:25:16Z" finished-at="2022-08-16T22:25:21Z">
          <reporter-output>
          </reporter-output>
        </test-method> <!-- UserIsSuccessfullyAbleToRegister -->
        <test-method status="PASS" signature="tearDown(org.testng.ITestResult, java.lang.String)[pri:0, instance:tests.RegisterPageTest@2b546384]" name="tearDown" is-config="true" duration-ms="1" started-at="2022-08-16T22:25:21Z" finished-at="2022-08-16T22:25:21Z">
          <params>
            <param index="0">
              <value>
                <![CDATA[[TestResult name=UserIsSuccessfullyAbleToRegister status=SUCCESS method=RegisterPageTest.UserIsSuccessfullyAbleToRegister()[pri:2, instance:tests.RegisterPageTest@2b546384] output={null}]]]>
              </value>
            </param>
            <param index="1">
              <value>
                <![CDATA[chrome]]>
              </value>
            </param>
          </params>
          <reporter-output>
          </reporter-output>
        </test-method> <!-- tearDown -->
        <test-method status="PASS" signature="endReport()[pri:0, instance:tests.RegisterPageTest@2b546384]" name="endReport" is-config="true" duration-ms="950" started-at="2022-08-16T22:25:21Z" finished-at="2022-08-16T22:25:22Z">
          <reporter-output>
          </reporter-output>
        </test-method> <!-- endReport -->
      </class> <!-- tests.RegisterPageTest -->
    </test> <!-- Register Page Test -->
    <test name=" Sign In Page Test" duration-ms="9295" started-at="2022-08-16T22:25:22Z" finished-at="2022-08-16T22:25:31Z">
      <class name="tests.SignInPageTest">
        <test-method status="PASS" signature="setBrowser(java.lang.String)[pri:0, instance:tests.SignInPageTest@12d3a4e9]" name="setBrowser" is-config="true" duration-ms="2756" started-at="2022-08-16T22:25:22Z" finished-at="2022-08-16T22:25:24Z">
          <params>
            <param index="0">
              <value>
                <![CDATA[chrome]]>
              </value>
            </param>
          </params>
          <reporter-output>
          </reporter-output>
        </test-method> <!-- setBrowser -->
        <test-method status="PASS" signature="setUp()[pri:0, instance:tests.SignInPageTest@12d3a4e9]" name="setUp" is-config="true" duration-ms="671" started-at="2022-08-16T22:25:24Z" finished-at="2022-08-16T22:25:25Z">
          <reporter-output>
          </reporter-output>
        </test-method> <!-- setUp -->
        <test-method status="PASS" signature="UserShouldNotBeAbleToLoginWithInvalidLoginCredentials(java.lang.String, java.lang.String, java.lang.String)[pri:1, instance:tests.SignInPageTest@12d3a4e9]" name="UserShouldNotBeAbleToLoginWithInvalidLoginCredentials" duration-ms="344" started-at="2022-08-16T22:25:25Z" data-provider="InvalidLoginData" finished-at="2022-08-16T22:25:26Z">
          <params>
            <param index="0">
              <value>
                <![CDATA[Password is Blank]]>
              </value>
            </param>
            <param index="1">
              <value>
                <![CDATA[jram]]>
              </value>
            </param>
            <param index="2">
              <value>
                <![CDATA[]]>
              </value>
            </param>
          </params>
          <reporter-output>
          </reporter-output>
        </test-method> <!-- UserShouldNotBeAbleToLoginWithInvalidLoginCredentials -->
        <test-method status="PASS" signature="tearDown(org.testng.ITestResult, java.lang.String)[pri:0, instance:tests.SignInPageTest@12d3a4e9]" name="tearDown" is-config="true" duration-ms="0" started-at="2022-08-16T22:25:26Z" finished-at="2022-08-16T22:25:26Z">
          <params>
            <param index="0">
              <value>
                <![CDATA[[TestResult name=UserShouldNotBeAbleToLoginWithInvalidLoginCredentials status=SUCCESS method=SignInPageTest.UserShouldNotBeAbleToLoginWithInvalidLoginCredentials(java.lang.String, java.lang.String, java.lang.String)[pri:1, instance:tests.SignInPageTest@12d3a4e9] output={null}]]]>
              </value>
            </param>
            <param index="1">
              <value>
                <![CDATA[chrome]]>
              </value>
            </param>
          </params>
          <reporter-output>
          </reporter-output>
        </test-method> <!-- tearDown -->
        <test-method status="PASS" signature="UserShouldNotBeAbleToLoginWithInvalidLoginCredentials(java.lang.String, java.lang.String, java.lang.String)[pri:1, instance:tests.SignInPageTest@12d3a4e9]" name="UserShouldNotBeAbleToLoginWithInvalidLoginCredentials" duration-ms="581" started-at="2022-08-16T22:25:26Z" data-provider="InvalidLoginData" finished-at="2022-08-16T22:25:26Z">
          <params>
            <param index="0">
              <value>
                <![CDATA[Invalid Password]]>
              </value>
            </param>
            <param index="1">
              <value>
                <![CDATA[jram]]>
              </value>
            </param>
            <param index="2">
              <value>
                <![CDATA[02Numpy!!]]>
              </value>
            </param>
          </params>
          <reporter-output>
          </reporter-output>
        </test-method> <!-- UserShouldNotBeAbleToLoginWithInvalidLoginCredentials -->
        <test-method status="PASS" signature="tearDown(org.testng.ITestResult, java.lang.String)[pri:0, instance:tests.SignInPageTest@12d3a4e9]" name="tearDown" is-config="true" duration-ms="1" started-at="2022-08-16T22:25:26Z" finished-at="2022-08-16T22:25:26Z">
          <params>
            <param index="0">
              <value>
                <![CDATA[[TestResult name=UserShouldNotBeAbleToLoginWithInvalidLoginCredentials status=SUCCESS method=SignInPageTest.UserShouldNotBeAbleToLoginWithInvalidLoginCredentials(java.lang.String, java.lang.String, java.lang.String)[pri:1, instance:tests.SignInPageTest@12d3a4e9] output={null}]]]>
              </value>
            </param>
            <param index="1">
              <value>
                <![CDATA[chrome]]>
              </value>
            </param>
          </params>
          <reporter-output>
          </reporter-output>
        </test-method> <!-- tearDown -->
        <test-method status="PASS" signature="UserShouldNotBeAbleToLoginWithInvalidLoginCredentials(java.lang.String, java.lang.String, java.lang.String)[pri:1, instance:tests.SignInPageTest@12d3a4e9]" name="UserShouldNotBeAbleToLoginWithInvalidLoginCredentials" duration-ms="633" started-at="2022-08-16T22:25:26Z" data-provider="InvalidLoginData" finished-at="2022-08-16T22:25:27Z">
          <params>
            <param index="0">
              <value>
                <![CDATA[Invalid Username & Password]]>
              </value>
            </param>
            <param index="1">
              <value>
                <![CDATA[jjram]]>
              </value>
            </param>
            <param index="2">
              <value>
                <![CDATA[02Numpy!!]]>
              </value>
            </param>
          </params>
          <reporter-output>
          </reporter-output>
        </test-method> <!-- UserShouldNotBeAbleToLoginWithInvalidLoginCredentials -->
        <test-method status="PASS" signature="tearDown(org.testng.ITestResult, java.lang.String)[pri:0, instance:tests.SignInPageTest@12d3a4e9]" name="tearDown" is-config="true" duration-ms="1" started-at="2022-08-16T22:25:27Z" finished-at="2022-08-16T22:25:27Z">
          <params>
            <param index="0">
              <value>
                <![CDATA[[TestResult name=UserShouldNotBeAbleToLoginWithInvalidLoginCredentials status=SUCCESS method=SignInPageTest.UserShouldNotBeAbleToLoginWithInvalidLoginCredentials(java.lang.String, java.lang.String, java.lang.String)[pri:1, instance:tests.SignInPageTest@12d3a4e9] output={null}]]]>
              </value>
            </param>
            <param index="1">
              <value>
                <![CDATA[chrome]]>
              </value>
            </param>
          </params>
          <reporter-output>
          </reporter-output>
        </test-method> <!-- tearDown -->
        <test-method status="PASS" signature="UserShouldNotBeAbleToLoginWithInvalidLoginCredentials(java.lang.String, java.lang.String, java.lang.String)[pri:1, instance:tests.SignInPageTest@12d3a4e9]" name="UserShouldNotBeAbleToLoginWithInvalidLoginCredentials" duration-ms="622" started-at="2022-08-16T22:25:27Z" data-provider="InvalidLoginData" finished-at="2022-08-16T22:25:28Z">
          <params>
            <param index="0">
              <value>
                <![CDATA[Invalid Username]]>
              </value>
            </param>
            <param index="1">
              <value>
                <![CDATA[jjram]]>
              </value>
            </param>
            <param index="2">
              <value>
                <![CDATA[01Numpy!!]]>
              </value>
            </param>
          </params>
          <reporter-output>
          </reporter-output>
        </test-method> <!-- UserShouldNotBeAbleToLoginWithInvalidLoginCredentials -->
        <test-method status="PASS" signature="tearDown(org.testng.ITestResult, java.lang.String)[pri:0, instance:tests.SignInPageTest@12d3a4e9]" name="tearDown" is-config="true" duration-ms="0" started-at="2022-08-16T22:25:28Z" finished-at="2022-08-16T22:25:28Z">
          <params>
            <param index="0">
              <value>
                <![CDATA[[TestResult name=UserShouldNotBeAbleToLoginWithInvalidLoginCredentials status=SUCCESS method=SignInPageTest.UserShouldNotBeAbleToLoginWithInvalidLoginCredentials(java.lang.String, java.lang.String, java.lang.String)[pri:1, instance:tests.SignInPageTest@12d3a4e9] output={null}]]]>
              </value>
            </param>
            <param index="1">
              <value>
                <![CDATA[chrome]]>
              </value>
            </param>
          </params>
          <reporter-output>
          </reporter-output>
        </test-method> <!-- tearDown -->
        <test-method status="PASS" signature="UserShouldNotBeAbleToLoginWithInvalidLoginCredentials(java.lang.String, java.lang.String, java.lang.String)[pri:1, instance:tests.SignInPageTest@12d3a4e9]" name="UserShouldNotBeAbleToLoginWithInvalidLoginCredentials" duration-ms="369" started-at="2022-08-16T22:25:28Z" data-provider="InvalidLoginData" finished-at="2022-08-16T22:25:28Z">
          <params>
            <param index="0">
              <value>
                <![CDATA[Username is Blank]]>
              </value>
            </param>
            <param index="1">
              <value>
                <![CDATA[]]>
              </value>
            </param>
            <param index="2">
              <value>
                <![CDATA[01Numpy!!]]>
              </value>
            </param>
          </params>
          <reporter-output>
          </reporter-output>
        </test-method> <!-- UserShouldNotBeAbleToLoginWithInvalidLoginCredentials -->
        <test-method status="PASS" signature="tearDown(org.testng.ITestResult, java.lang.String)[pri:0, instance:tests.SignInPageTest@12d3a4e9]" name="tearDown" is-config="true" duration-ms="1" started-at="2022-08-16T22:25:28Z" finished-at="2022-08-16T22:25:28Z">
          <params>
            <param index="0">
              <value>
                <![CDATA[[TestResult name=UserShouldNotBeAbleToLoginWithInvalidLoginCredentials status=SUCCESS method=SignInPageTest.UserShouldNotBeAbleToLoginWithInvalidLoginCredentials(java.lang.String, java.lang.String, java.lang.String)[pri:1, instance:tests.SignInPageTest@12d3a4e9] output={null}]]]>
              </value>
            </param>
            <param index="1">
              <value>
                <![CDATA[chrome]]>
              </value>
            </param>
          </params>
          <reporter-output>
          </reporter-output>
        </test-method> <!-- tearDown -->
        <test-method status="PASS" signature="UserShouldNotBeAbleToLoginWithInvalidLoginCredentials(java.lang.String, java.lang.String, java.lang.String)[pri:1, instance:tests.SignInPageTest@12d3a4e9]" name="UserShouldNotBeAbleToLoginWithInvalidLoginCredentials" duration-ms="300" started-at="2022-08-16T22:25:28Z" data-provider="InvalidLoginData" finished-at="2022-08-16T22:25:28Z">
          <params>
            <param index="0">
              <value>
                <![CDATA[Username & Password is Blank]]>
              </value>
            </param>
            <param index="1">
              <value>
                <![CDATA[]]>
              </value>
            </param>
            <param index="2">
              <value>
                <![CDATA[]]>
              </value>
            </param>
          </params>
          <reporter-output>
          </reporter-output>
        </test-method> <!-- UserShouldNotBeAbleToLoginWithInvalidLoginCredentials -->
        <test-method status="PASS" signature="tearDown(org.testng.ITestResult, java.lang.String)[pri:0, instance:tests.SignInPageTest@12d3a4e9]" name="tearDown" is-config="true" duration-ms="0" started-at="2022-08-16T22:25:28Z" finished-at="2022-08-16T22:25:28Z">
          <params>
            <param index="0">
              <value>
                <![CDATA[[TestResult name=UserShouldNotBeAbleToLoginWithInvalidLoginCredentials status=SUCCESS method=SignInPageTest.UserShouldNotBeAbleToLoginWithInvalidLoginCredentials(java.lang.String, java.lang.String, java.lang.String)[pri:1, instance:tests.SignInPageTest@12d3a4e9] output={null}]]]>
              </value>
            </param>
            <param index="1">
              <value>
                <![CDATA[chrome]]>
              </value>
            </param>
          </params>
          <reporter-output>
          </reporter-output>
        </test-method> <!-- tearDown -->
        <test-method status="PASS" signature="validUserShouldBeAbleToLogin()[pri:2, instance:tests.SignInPageTest@12d3a4e9]" name="validUserShouldBeAbleToLogin" duration-ms="1205" started-at="2022-08-16T22:25:28Z" finished-at="2022-08-16T22:25:29Z">
          <reporter-output>
          </reporter-output>
        </test-method> <!-- validUserShouldBeAbleToLogin -->
        <test-method status="PASS" signature="tearDown(org.testng.ITestResult, java.lang.String)[pri:0, instance:tests.SignInPageTest@12d3a4e9]" name="tearDown" is-config="true" duration-ms="0" started-at="2022-08-16T22:25:29Z" finished-at="2022-08-16T22:25:29Z">
          <params>
            <param index="0">
              <value>
                <![CDATA[[TestResult name=validUserShouldBeAbleToLogin status=SUCCESS method=SignInPageTest.validUserShouldBeAbleToLogin()[pri:2, instance:tests.SignInPageTest@12d3a4e9] output={null}]]]>
              </value>
            </param>
            <param index="1">
              <value>
                <![CDATA[chrome]]>
              </value>
            </param>
          </params>
          <reporter-output>
          </reporter-output>
        </test-method> <!-- tearDown -->
        <test-method status="PASS" signature="UserShouldSignOutSuccessfullyAfterLogin()[pri:3, instance:tests.SignInPageTest@12d3a4e9]" name="UserShouldSignOutSuccessfullyAfterLogin" duration-ms="772" started-at="2022-08-16T22:25:29Z" finished-at="2022-08-16T22:25:30Z">
          <reporter-output>
          </reporter-output>
        </test-method> <!-- UserShouldSignOutSuccessfullyAfterLogin -->
        <test-method status="PASS" signature="tearDown(org.testng.ITestResult, java.lang.String)[pri:0, instance:tests.SignInPageTest@12d3a4e9]" name="tearDown" is-config="true" duration-ms="1" started-at="2022-08-16T22:25:30Z" finished-at="2022-08-16T22:25:30Z">
          <params>
            <param index="0">
              <value>
                <![CDATA[[TestResult name=UserShouldSignOutSuccessfullyAfterLogin status=SUCCESS method=SignInPageTest.UserShouldSignOutSuccessfullyAfterLogin()[pri:3, instance:tests.SignInPageTest@12d3a4e9] output={null}]]]>
              </value>
            </param>
            <param index="1">
              <value>
                <![CDATA[chrome]]>
              </value>
            </param>
          </params>
          <reporter-output>
          </reporter-output>
        </test-method> <!-- tearDown -->
        <test-method status="PASS" signature="endReport()[pri:0, instance:tests.SignInPageTest@12d3a4e9]" name="endReport" is-config="true" duration-ms="702" started-at="2022-08-16T22:25:30Z" finished-at="2022-08-16T22:25:31Z">
          <reporter-output>
          </reporter-output>
        </test-method> <!-- endReport -->
      </class> <!-- tests.SignInPageTest -->
    </test> <!--  Sign In Page Test -->
    <test name=" DS Introduction Page Test" duration-ms="7485" started-at="2022-08-16T22:25:31Z" finished-at="2022-08-16T22:25:38Z">
      <class name="tests.DSIntroductionPageTest">
        <test-method status="PASS" signature="setBrowser(java.lang.String)[pri:0, instance:tests.DSIntroductionPageTest@2aece37d]" name="setBrowser" is-config="true" duration-ms="3084" started-at="2022-08-16T22:25:31Z" finished-at="2022-08-16T22:25:34Z">
          <params>
            <param index="0">
              <value>
                <![CDATA[chrome]]>
              </value>
            </param>
          </params>
          <reporter-output>
          </reporter-output>
        </test-method> <!-- setBrowser -->
        <test-method status="PASS" signature="setUp()[pri:0, instance:tests.DSIntroductionPageTest@2aece37d]" name="setUp" is-config="true" duration-ms="1807" started-at="2022-08-16T22:25:34Z" finished-at="2022-08-16T22:25:36Z">
          <reporter-output>
          </reporter-output>
        </test-method> <!-- setUp -->
        <test-method status="PASS" signature="validUserShouldBeAbletoLandInDSIntroductionPage()[pri:1, instance:tests.DSIntroductionPageTest@2aece37d]" name="validUserShouldBeAbletoLandInDSIntroductionPage" duration-ms="14" started-at="2022-08-16T22:25:36Z" finished-at="2022-08-16T22:25:36Z">
          <reporter-output>
          </reporter-output>
        </test-method> <!-- validUserShouldBeAbletoLandInDSIntroductionPage -->
        <test-method status="PASS" signature="tearDown(org.testng.ITestResult, java.lang.String)[pri:0, instance:tests.DSIntroductionPageTest@2aece37d]" name="tearDown" is-config="true" duration-ms="1" started-at="2022-08-16T22:25:36Z" finished-at="2022-08-16T22:25:36Z">
          <params>
            <param index="0">
              <value>
                <![CDATA[[TestResult name=validUserShouldBeAbletoLandInDSIntroductionPage status=SUCCESS method=DSIntroductionPageTest.validUserShouldBeAbletoLandInDSIntroductionPage()[pri:1, instance:tests.DSIntroductionPageTest@2aece37d] output={null}]]]>
              </value>
            </param>
            <param index="1">
              <value>
                <![CDATA[chrome]]>
              </value>
            </param>
          </params>
          <reporter-output>
          </reporter-output>
        </test-method> <!-- tearDown -->
        <test-method status="PASS" signature="validUserShouldBeRedirectedToTimeCompexityIntroduction()[pri:2, instance:tests.DSIntroductionPageTest@2aece37d]" name="validUserShouldBeRedirectedToTimeCompexityIntroduction" duration-ms="260" started-at="2022-08-16T22:25:36Z" finished-at="2022-08-16T22:25:36Z">
          <reporter-output>
          </reporter-output>
        </test-method> <!-- validUserShouldBeRedirectedToTimeCompexityIntroduction -->
        <test-method status="PASS" signature="tearDown(org.testng.ITestResult, java.lang.String)[pri:0, instance:tests.DSIntroductionPageTest@2aece37d]" name="tearDown" is-config="true" duration-ms="0" started-at="2022-08-16T22:25:36Z" finished-at="2022-08-16T22:25:36Z">
          <params>
            <param index="0">
              <value>
                <![CDATA[[TestResult name=validUserShouldBeRedirectedToTimeCompexityIntroduction status=SUCCESS method=DSIntroductionPageTest.validUserShouldBeRedirectedToTimeCompexityIntroduction()[pri:2, instance:tests.DSIntroductionPageTest@2aece37d] output={null}]]]>
              </value>
            </param>
            <param index="1">
              <value>
                <![CDATA[chrome]]>
              </value>
            </param>
          </params>
          <reporter-output>
          </reporter-output>
        </test-method> <!-- tearDown -->
        <test-method status="PASS" signature="validUserShouldBeRedirectedToTryEditorPage()[pri:3, instance:tests.DSIntroductionPageTest@2aece37d]" name="validUserShouldBeRedirectedToTryEditorPage" duration-ms="1099" started-at="2022-08-16T22:25:36Z" finished-at="2022-08-16T22:25:37Z">
          <reporter-output>
          </reporter-output>
        </test-method> <!-- validUserShouldBeRedirectedToTryEditorPage -->
        <test-method status="PASS" signature="tearDown(org.testng.ITestResult, java.lang.String)[pri:0, instance:tests.DSIntroductionPageTest@2aece37d]" name="tearDown" is-config="true" duration-ms="0" started-at="2022-08-16T22:25:37Z" finished-at="2022-08-16T22:25:37Z">
          <params>
            <param index="0">
              <value>
                <![CDATA[[TestResult name=validUserShouldBeRedirectedToTryEditorPage status=SUCCESS method=DSIntroductionPageTest.validUserShouldBeRedirectedToTryEditorPage()[pri:3, instance:tests.DSIntroductionPageTest@2aece37d] output={null}]]]>
              </value>
            </param>
            <param index="1">
              <value>
                <![CDATA[chrome]]>
              </value>
            </param>
          </params>
          <reporter-output>
          </reporter-output>
        </test-method> <!-- tearDown -->
        <test-method status="PASS" signature="validUserShouldBeRedirectedToPracticeQuestions()[pri:4, instance:tests.DSIntroductionPageTest@2aece37d]" name="validUserShouldBeRedirectedToPracticeQuestions" duration-ms="461" started-at="2022-08-16T22:25:37Z" finished-at="2022-08-16T22:25:38Z">
          <reporter-output>
          </reporter-output>
        </test-method> <!-- validUserShouldBeRedirectedToPracticeQuestions -->
        <test-method status="PASS" signature="tearDown(org.testng.ITestResult, java.lang.String)[pri:0, instance:tests.DSIntroductionPageTest@2aece37d]" name="tearDown" is-config="true" duration-ms="1" started-at="2022-08-16T22:25:38Z" finished-at="2022-08-16T22:25:38Z">
          <params>
            <param index="0">
              <value>
                <![CDATA[[TestResult name=validUserShouldBeRedirectedToPracticeQuestions status=SUCCESS method=DSIntroductionPageTest.validUserShouldBeRedirectedToPracticeQuestions()[pri:4, instance:tests.DSIntroductionPageTest@2aece37d] output={null}]]]>
              </value>
            </param>
            <param index="1">
              <value>
                <![CDATA[chrome]]>
              </value>
            </param>
          </params>
          <reporter-output>
          </reporter-output>
        </test-method> <!-- tearDown -->
        <test-method status="PASS" signature="endReport()[pri:0, instance:tests.DSIntroductionPageTest@2aece37d]" name="endReport" is-config="true" duration-ms="736" started-at="2022-08-16T22:25:38Z" finished-at="2022-08-16T22:25:38Z">
          <reporter-output>
          </reporter-output>
        </test-method> <!-- endReport -->
      </class> <!-- tests.DSIntroductionPageTest -->
    </test> <!--  DS Introduction Page Test -->
    <test name=" Tree Page Test" duration-ms="19196" started-at="2022-08-16T22:25:38Z" finished-at="2022-08-16T22:25:58Z">
      <class name="tests.TreePageTest">
        <test-method status="PASS" signature="setBrowser(java.lang.String)[pri:0, instance:tests.TreePageTest@16aa0a0a]" name="setBrowser" is-config="true" duration-ms="1697" started-at="2022-08-16T22:25:38Z" finished-at="2022-08-16T22:25:40Z">
          <params>
            <param index="0">
              <value>
                <![CDATA[chrome]]>
              </value>
            </param>
          </params>
          <reporter-output>
          </reporter-output>
        </test-method> <!-- setBrowser -->
        <test-method status="PASS" signature="setUp()[pri:0, instance:tests.TreePageTest@16aa0a0a]" name="setUp" is-config="true" duration-ms="1340" started-at="2022-08-16T22:25:40Z" finished-at="2022-08-16T22:25:41Z">
          <reporter-output>
          </reporter-output>
        </test-method> <!-- setUp -->
        <test-method status="PASS" signature="validUserShouldBeAbletoLandInTreePage()[pri:1, instance:tests.TreePageTest@16aa0a0a]" name="validUserShouldBeAbletoLandInTreePage" duration-ms="531" started-at="2022-08-16T22:25:41Z" finished-at="2022-08-16T22:25:42Z">
          <reporter-output>
          </reporter-output>
        </test-method> <!-- validUserShouldBeAbletoLandInTreePage -->
        <test-method status="PASS" signature="tearDown(org.testng.ITestResult, java.lang.String)[pri:0, instance:tests.TreePageTest@16aa0a0a]" name="tearDown" is-config="true" duration-ms="0" started-at="2022-08-16T22:25:42Z" finished-at="2022-08-16T22:25:42Z">
          <params>
            <param index="0">
              <value>
                <![CDATA[[TestResult name=validUserShouldBeAbletoLandInTreePage status=SUCCESS method=TreePageTest.validUserShouldBeAbletoLandInTreePage()[pri:1, instance:tests.TreePageTest@16aa0a0a] output={null}]]]>
              </value>
            </param>
            <param index="1">
              <value>
                <![CDATA[chrome]]>
              </value>
            </param>
          </params>
          <reporter-output>
          </reporter-output>
        </test-method> <!-- tearDown -->
        <test-method status="PASS" signature="validUserShouldBeAbletoLandInOverviewPage()[pri:2, instance:tests.TreePageTest@16aa0a0a]" name="validUserShouldBeAbletoLandInOverviewPage" duration-ms="280" started-at="2022-08-16T22:25:42Z" finished-at="2022-08-16T22:25:42Z">
          <reporter-output>
          </reporter-output>
        </test-method> <!-- validUserShouldBeAbletoLandInOverviewPage -->
        <test-method status="PASS" signature="tearDown(org.testng.ITestResult, java.lang.String)[pri:0, instance:tests.TreePageTest@16aa0a0a]" name="tearDown" is-config="true" duration-ms="1" started-at="2022-08-16T22:25:42Z" finished-at="2022-08-16T22:25:42Z">
          <params>
            <param index="0">
              <value>
                <![CDATA[[TestResult name=validUserShouldBeAbletoLandInOverviewPage status=SUCCESS method=TreePageTest.validUserShouldBeAbletoLandInOverviewPage()[pri:2, instance:tests.TreePageTest@16aa0a0a] output={null}]]]>
              </value>
            </param>
            <param index="1">
              <value>
                <![CDATA[chrome]]>
              </value>
            </param>
          </params>
          <reporter-output>
          </reporter-output>
        </test-method> <!-- tearDown -->
        <test-method status="PASS" signature="validUserShouldBeRedirectedToOverviewOfTreesTryEditorPage()[pri:3, instance:tests.TreePageTest@16aa0a0a]" name="validUserShouldBeRedirectedToOverviewOfTreesTryEditorPage" duration-ms="902" started-at="2022-08-16T22:25:42Z" finished-at="2022-08-16T22:25:43Z">
          <reporter-output>
          </reporter-output>
        </test-method> <!-- validUserShouldBeRedirectedToOverviewOfTreesTryEditorPage -->
        <test-method status="PASS" signature="tearDown(org.testng.ITestResult, java.lang.String)[pri:0, instance:tests.TreePageTest@16aa0a0a]" name="tearDown" is-config="true" duration-ms="0" started-at="2022-08-16T22:25:43Z" finished-at="2022-08-16T22:25:43Z">
          <params>
            <param index="0">
              <value>
                <![CDATA[[TestResult name=validUserShouldBeRedirectedToOverviewOfTreesTryEditorPage status=SUCCESS method=TreePageTest.validUserShouldBeRedirectedToOverviewOfTreesTryEditorPage()[pri:3, instance:tests.TreePageTest@16aa0a0a] output={null}]]]>
              </value>
            </param>
            <param index="1">
              <value>
                <![CDATA[chrome]]>
              </value>
            </param>
          </params>
          <reporter-output>
          </reporter-output>
        </test-method> <!-- tearDown -->
        <test-method status="PASS" signature="validUserShouldBeAbletoLandInTerminologiesPage()[pri:4, instance:tests.TreePageTest@16aa0a0a]" name="validUserShouldBeAbletoLandInTerminologiesPage" duration-ms="289" started-at="2022-08-16T22:25:43Z" finished-at="2022-08-16T22:25:43Z">
          <reporter-output>
          </reporter-output>
        </test-method> <!-- validUserShouldBeAbletoLandInTerminologiesPage -->
        <test-method status="PASS" signature="tearDown(org.testng.ITestResult, java.lang.String)[pri:0, instance:tests.TreePageTest@16aa0a0a]" name="tearDown" is-config="true" duration-ms="0" started-at="2022-08-16T22:25:43Z" finished-at="2022-08-16T22:25:43Z">
          <params>
            <param index="0">
              <value>
                <![CDATA[[TestResult name=validUserShouldBeAbletoLandInTerminologiesPage status=SUCCESS method=TreePageTest.validUserShouldBeAbletoLandInTerminologiesPage()[pri:4, instance:tests.TreePageTest@16aa0a0a] output={null}]]]>
              </value>
            </param>
            <param index="1">
              <value>
                <![CDATA[chrome]]>
              </value>
            </param>
          </params>
          <reporter-output>
          </reporter-output>
        </test-method> <!-- tearDown -->
        <test-method status="PASS" signature="validUserShouldBeRedirectedToTerminologiesOfTreesTryEditorPage()[pri:5, instance:tests.TreePageTest@16aa0a0a]" name="validUserShouldBeRedirectedToTerminologiesOfTreesTryEditorPage" duration-ms="625" started-at="2022-08-16T22:25:43Z" finished-at="2022-08-16T22:25:44Z">
          <reporter-output>
          </reporter-output>
        </test-method> <!-- validUserShouldBeRedirectedToTerminologiesOfTreesTryEditorPage -->
        <test-method status="PASS" signature="tearDown(org.testng.ITestResult, java.lang.String)[pri:0, instance:tests.TreePageTest@16aa0a0a]" name="tearDown" is-config="true" duration-ms="1" started-at="2022-08-16T22:25:44Z" finished-at="2022-08-16T22:25:44Z">
          <params>
            <param index="0">
              <value>
                <![CDATA[[TestResult name=validUserShouldBeRedirectedToTerminologiesOfTreesTryEditorPage status=SUCCESS method=TreePageTest.validUserShouldBeRedirectedToTerminologiesOfTreesTryEditorPage()[pri:5, instance:tests.TreePageTest@16aa0a0a] output={null}]]]>
              </value>
            </param>
            <param index="1">
              <value>
                <![CDATA[chrome]]>
              </value>
            </param>
          </params>
          <reporter-output>
          </reporter-output>
        </test-method> <!-- tearDown -->
        <test-method status="PASS" signature="validUserShouldBeAbletoLandInTypesOfTreesPage()[pri:6, instance:tests.TreePageTest@16aa0a0a]" name="validUserShouldBeAbletoLandInTypesOfTreesPage" duration-ms="268" started-at="2022-08-16T22:25:44Z" finished-at="2022-08-16T22:25:44Z">
          <reporter-output>
          </reporter-output>
        </test-method> <!-- validUserShouldBeAbletoLandInTypesOfTreesPage -->
        <test-method status="PASS" signature="tearDown(org.testng.ITestResult, java.lang.String)[pri:0, instance:tests.TreePageTest@16aa0a0a]" name="tearDown" is-config="true" duration-ms="1" started-at="2022-08-16T22:25:44Z" finished-at="2022-08-16T22:25:44Z">
          <params>
            <param index="0">
              <value>
                <![CDATA[[TestResult name=validUserShouldBeAbletoLandInTypesOfTreesPage status=SUCCESS method=TreePageTest.validUserShouldBeAbletoLandInTypesOfTreesPage()[pri:6, instance:tests.TreePageTest@16aa0a0a] output={null}]]]>
              </value>
            </param>
            <param index="1">
              <value>
                <![CDATA[chrome]]>
              </value>
            </param>
          </params>
          <reporter-output>
          </reporter-output>
        </test-method> <!-- tearDown -->
        <test-method status="PASS" signature="validUserShouldBeRedirectedToTypesOfTreesTryEditorPage()[pri:7, instance:tests.TreePageTest@16aa0a0a]" name="validUserShouldBeRedirectedToTypesOfTreesTryEditorPage" duration-ms="662" started-at="2022-08-16T22:25:44Z" finished-at="2022-08-16T22:25:45Z">
          <reporter-output>
          </reporter-output>
        </test-method> <!-- validUserShouldBeRedirectedToTypesOfTreesTryEditorPage -->
        <test-method status="PASS" signature="tearDown(org.testng.ITestResult, java.lang.String)[pri:0, instance:tests.TreePageTest@16aa0a0a]" name="tearDown" is-config="true" duration-ms="1" started-at="2022-08-16T22:25:45Z" finished-at="2022-08-16T22:25:45Z">
          <params>
            <param index="0">
              <value>
                <![CDATA[[TestResult name=validUserShouldBeRedirectedToTypesOfTreesTryEditorPage status=SUCCESS method=TreePageTest.validUserShouldBeRedirectedToTypesOfTreesTryEditorPage()[pri:7, instance:tests.TreePageTest@16aa0a0a] output={null}]]]>
              </value>
            </param>
            <param index="1">
              <value>
                <![CDATA[chrome]]>
              </value>
            </param>
          </params>
          <reporter-output>
          </reporter-output>
        </test-method> <!-- tearDown -->
        <test-method status="PASS" signature="validUserShouldBeAbletoLandInTreeTraversalsPage()[pri:8, instance:tests.TreePageTest@16aa0a0a]" name="validUserShouldBeAbletoLandInTreeTraversalsPage" duration-ms="315" started-at="2022-08-16T22:25:45Z" finished-at="2022-08-16T22:25:45Z">
          <reporter-output>
          </reporter-output>
        </test-method> <!-- validUserShouldBeAbletoLandInTreeTraversalsPage -->
        <test-method status="PASS" signature="tearDown(org.testng.ITestResult, java.lang.String)[pri:0, instance:tests.TreePageTest@16aa0a0a]" name="tearDown" is-config="true" duration-ms="0" started-at="2022-08-16T22:25:45Z" finished-at="2022-08-16T22:25:45Z">
          <params>
            <param index="0">
              <value>
                <![CDATA[[TestResult name=validUserShouldBeAbletoLandInTreeTraversalsPage status=SUCCESS method=TreePageTest.validUserShouldBeAbletoLandInTreeTraversalsPage()[pri:8, instance:tests.TreePageTest@16aa0a0a] output={null}]]]>
              </value>
            </param>
            <param index="1">
              <value>
                <![CDATA[chrome]]>
              </value>
            </param>
          </params>
          <reporter-output>
          </reporter-output>
        </test-method> <!-- tearDown -->
        <test-method status="PASS" signature="validUserShouldBeRedirectedToTreeTraversalTryEditorPage()[pri:9, instance:tests.TreePageTest@16aa0a0a]" name="validUserShouldBeRedirectedToTreeTraversalTryEditorPage" duration-ms="590" started-at="2022-08-16T22:25:45Z" finished-at="2022-08-16T22:25:46Z">
          <reporter-output>
          </reporter-output>
        </test-method> <!-- validUserShouldBeRedirectedToTreeTraversalTryEditorPage -->
        <test-method status="PASS" signature="tearDown(org.testng.ITestResult, java.lang.String)[pri:0, instance:tests.TreePageTest@16aa0a0a]" name="tearDown" is-config="true" duration-ms="0" started-at="2022-08-16T22:25:46Z" finished-at="2022-08-16T22:25:46Z">
          <params>
            <param index="0">
              <value>
                <![CDATA[[TestResult name=validUserShouldBeRedirectedToTreeTraversalTryEditorPage status=SUCCESS method=TreePageTest.validUserShouldBeRedirectedToTreeTraversalTryEditorPage()[pri:9, instance:tests.TreePageTest@16aa0a0a] output={null}]]]>
              </value>
            </param>
            <param index="1">
              <value>
                <![CDATA[chrome]]>
              </value>
            </param>
          </params>
          <reporter-output>
          </reporter-output>
        </test-method> <!-- tearDown -->
        <test-method status="PASS" signature="validUserShouldBeAbletoLandTraversalIllustrationPage()[pri:10, instance:tests.TreePageTest@16aa0a0a]" name="validUserShouldBeAbletoLandTraversalIllustrationPage" duration-ms="382" started-at="2022-08-16T22:25:46Z" finished-at="2022-08-16T22:25:46Z">
          <reporter-output>
          </reporter-output>
        </test-method> <!-- validUserShouldBeAbletoLandTraversalIllustrationPage -->
        <test-method status="PASS" signature="tearDown(org.testng.ITestResult, java.lang.String)[pri:0, instance:tests.TreePageTest@16aa0a0a]" name="tearDown" is-config="true" duration-ms="0" started-at="2022-08-16T22:25:46Z" finished-at="2022-08-16T22:25:46Z">
          <params>
            <param index="0">
              <value>
                <![CDATA[[TestResult name=validUserShouldBeAbletoLandTraversalIllustrationPage status=SUCCESS method=TreePageTest.validUserShouldBeAbletoLandTraversalIllustrationPage()[pri:10, instance:tests.TreePageTest@16aa0a0a] output={null}]]]>
              </value>
            </param>
            <param index="1">
              <value>
                <![CDATA[chrome]]>
              </value>
            </param>
          </params>
          <reporter-output>
          </reporter-output>
        </test-method> <!-- tearDown -->
        <test-method status="PASS" signature="validUserShouldBeRedirectedToTraversalIllustrationTryEditorPage()[pri:11, instance:tests.TreePageTest@16aa0a0a]" name="validUserShouldBeRedirectedToTraversalIllustrationTryEditorPage" duration-ms="617" started-at="2022-08-16T22:25:46Z" finished-at="2022-08-16T22:25:47Z">
          <reporter-output>
          </reporter-output>
        </test-method> <!-- validUserShouldBeRedirectedToTraversalIllustrationTryEditorPage -->
        <test-method status="PASS" signature="tearDown(org.testng.ITestResult, java.lang.String)[pri:0, instance:tests.TreePageTest@16aa0a0a]" name="tearDown" is-config="true" duration-ms="0" started-at="2022-08-16T22:25:47Z" finished-at="2022-08-16T22:25:47Z">
          <params>
            <param index="0">
              <value>
                <![CDATA[[TestResult name=validUserShouldBeRedirectedToTraversalIllustrationTryEditorPage status=SUCCESS method=TreePageTest.validUserShouldBeRedirectedToTraversalIllustrationTryEditorPage()[pri:11, instance:tests.TreePageTest@16aa0a0a] output={null}]]]>
              </value>
            </param>
            <param index="1">
              <value>
                <![CDATA[chrome]]>
              </value>
            </param>
          </params>
          <reporter-output>
          </reporter-output>
        </test-method> <!-- tearDown -->
        <test-method status="PASS" signature="validUserShouldBeAbletoLandBinaryTreesPage()[pri:12, instance:tests.TreePageTest@16aa0a0a]" name="validUserShouldBeAbletoLandBinaryTreesPage" duration-ms="415" started-at="2022-08-16T22:25:47Z" finished-at="2022-08-16T22:25:47Z">
          <reporter-output>
          </reporter-output>
        </test-method> <!-- validUserShouldBeAbletoLandBinaryTreesPage -->
        <test-method status="PASS" signature="tearDown(org.testng.ITestResult, java.lang.String)[pri:0, instance:tests.TreePageTest@16aa0a0a]" name="tearDown" is-config="true" duration-ms="1" started-at="2022-08-16T22:25:47Z" finished-at="2022-08-16T22:25:47Z">
          <params>
            <param index="0">
              <value>
                <![CDATA[[TestResult name=validUserShouldBeAbletoLandBinaryTreesPage status=SUCCESS method=TreePageTest.validUserShouldBeAbletoLandBinaryTreesPage()[pri:12, instance:tests.TreePageTest@16aa0a0a] output={null}]]]>
              </value>
            </param>
            <param index="1">
              <value>
                <![CDATA[chrome]]>
              </value>
            </param>
          </params>
          <reporter-output>
[...]
              </value>
            </param>
            <param index="1">
              <value>
                <![CDATA[chrome]]>
              </value>
            </param>
          </params>
          <reporter-output>
          </reporter-output>
        </test-method> <!-- tearDown -->
        <test-method status="PASS" signature="validUserShouldBeAbletoLandApplicationsOfBinaryTreesPage()[pri:22, instance:tests.TreePageTest@16aa0a0a]" name="validUserShouldBeAbletoLandApplicationsOfBinaryTreesPage" duration-ms="301" started-at="2022-08-16T22:25:53Z" finished-at="2022-08-16T22:25:53Z">
          <reporter-output>
          </reporter-output>
        </test-method> <!-- validUserShouldBeAbletoLandApplicationsOfBinaryTreesPage -->
        <test-method status="PASS" signature="tearDown(org.testng.ITestResult, java.lang.String)[pri:0, instance:tests.TreePageTest@16aa0a0a]" name="tearDown" is-config="true" duration-ms="1" started-at="2022-08-16T22:25:53Z" finished-at="2022-08-16T22:25:53Z">
          <params>
            <param index="0">
              <value>
                <![CDATA[[TestResult name=validUserShouldBeAbletoLandApplicationsOfBinaryTreesPage status=SUCCESS method=TreePageTest.validUserShouldBeAbletoLandApplicationsOfBinaryTreesPage()[pri:22, instance:tests.TreePageTest@16aa0a0a] output={null}]]]>
              </value>
            </param>
            <param index="1">
              <value>
                <![CDATA[chrome]]>
              </value>
            </param>
          </params>
          <reporter-output>
          </reporter-output>
        </test-method> <!-- tearDown -->
        <test-method status="PASS" signature="validUserShouldBeRedirectedToApplicationsOfBinaryTreesTryEditorPage()[pri:23, instance:tests.TreePageTest@16aa0a0a]" name="validUserShouldBeRedirectedToApplicationsOfBinaryTreesTryEditorPage" duration-ms="728" started-at="2022-08-16T22:25:53Z" finished-at="2022-08-16T22:25:54Z">
          <reporter-output>
          </reporter-output>
        </test-method> <!-- validUserShouldBeRedirectedToApplicationsOfBinaryTreesTryEditorPage -->
        <test-method status="PASS" signature="tearDown(org.testng.ITestResult, java.lang.String)[pri:0, instance:tests.TreePageTest@16aa0a0a]" name="tearDown" is-config="true" duration-ms="0" started-at="2022-08-16T22:25:54Z" finished-at="2022-08-16T22:25:54Z">
          <params>
            <param index="0">
              <value>
                <![CDATA[[TestResult name=validUserShouldBeRedirectedToApplicationsOfBinaryTreesTryEditorPage status=SUCCESS method=TreePageTest.validUserShouldBeRedirectedToApplicationsOfBinaryTreesTryEditorPage()[pri:23, instance:tests.TreePageTest@16aa0a0a] output={null}]]]>
              </value>
            </param>
            <param index="1">
              <value>
                <![CDATA[chrome]]>
              </value>
            </param>
          </params>
          <reporter-output>
          </reporter-output>
        </test-method> <!-- tearDown -->
        <test-method status="PASS" signature="validUserShouldBeAbletoLandBinarySearchTreesPage()[pri:24, instance:tests.TreePageTest@16aa0a0a]" name="validUserShouldBeAbletoLandBinarySearchTreesPage" duration-ms="482" started-at="2022-08-16T22:25:54Z" finished-at="2022-08-16T22:25:54Z">
          <reporter-output>
          </reporter-output>
        </test-method> <!-- validUserShouldBeAbletoLandBinarySearchTreesPage -->
        <test-method status="PASS" signature="tearDown(org.testng.ITestResult, java.lang.String)[pri:0, instance:tests.TreePageTest@16aa0a0a]" name="tearDown" is-config="true" duration-ms="1" started-at="2022-08-16T22:25:54Z" finished-at="2022-08-16T22:25:54Z">
          <params>
            <param index="0">
              <value>
                <![CDATA[[TestResult name=validUserShouldBeAbletoLandBinarySearchTreesPage status=SUCCESS method=TreePageTest.validUserShouldBeAbletoLandBinarySearchTreesPage()[pri:24, instance:tests.TreePageTest@16aa0a0a] output={null}]]]>
              </value>
            </param>
            <param index="1">
              <value>
                <![CDATA[chrome]]>
              </value>
            </param>
          </params>
          <reporter-output>
          </reporter-output>
        </test-method> <!-- tearDown -->
        <test-method status="PASS" signature="validUserShouldBeRedirectedToBinarySearchTreesTryEditorPage()[pri:25, instance:tests.TreePageTest@16aa0a0a]" name="validUserShouldBeRedirectedToBinarySearchTreesTryEditorPage" duration-ms="778" started-at="2022-08-16T22:25:54Z" finished-at="2022-08-16T22:25:55Z">
          <reporter-output>
          </reporter-output>
        </test-method> <!-- validUserShouldBeRedirectedToBinarySearchTreesTryEditorPage -->
        <test-method status="PASS" signature="tearDown(org.testng.ITestResult, java.lang.String)[pri:0, instance:tests.TreePageTest@16aa0a0a]" name="tearDown" is-config="true" duration-ms="0" started-at="2022-08-16T22:25:55Z" finished-at="2022-08-16T22:25:55Z">
          <params>
            <param index="0">
              <value>
                <![CDATA[[TestResult name=validUserShouldBeRedirectedToBinarySearchTreesTryEditorPage status=SUCCESS method=TreePageTest.validUserShouldBeRedirectedToBinarySearchTreesTryEditorPage()[pri:25, instance:tests.TreePageTest@16aa0a0a] output={null}]]]>
              </value>
            </param>
            <param index="1">
              <value>
                <![CDATA[chrome]]>
              </value>
            </param>
          </params>
          <reporter-output>
          </reporter-output>
        </test-method> <!-- tearDown -->
        <test-method status="PASS" signature="validUserShouldBeAbletoLandImplementationOfBSTPage()[pri:26, instance:tests.TreePageTest@16aa0a0a]" name="validUserShouldBeAbletoLandImplementationOfBSTPage" duration-ms="321" started-at="2022-08-16T22:25:55Z" finished-at="2022-08-16T22:25:55Z">
          <reporter-output>
          </reporter-output>
        </test-method> <!-- validUserShouldBeAbletoLandImplementationOfBSTPage -->
        <test-method status="PASS" signature="tearDown(org.testng.ITestResult, java.lang.String)[pri:0, instance:tests.TreePageTest@16aa0a0a]" name="tearDown" is-config="true" duration-ms="1" started-at="2022-08-16T22:25:55Z" finished-at="2022-08-16T22:25:55Z">
          <params>
            <param index="0">
              <value>
                <![CDATA[[TestResult name=validUserShouldBeAbletoLandImplementationOfBSTPage status=SUCCESS method=TreePageTest.validUserShouldBeAbletoLandImplementationOfBSTPage()[pri:26, instance:tests.TreePageTest@16aa0a0a] output={null}]]]>
              </value>
            </param>
            <param index="1">
              <value>
                <![CDATA[chrome]]>
              </value>
            </param>
          </params>
          <reporter-output>
          </reporter-output>
        </test-method> <!-- tearDown -->
        <test-method status="PASS" signature="validUserShouldBeRedirectedToImplementationOfBSTTryEditorPage()[pri:27, instance:tests.TreePageTest@16aa0a0a]" name="validUserShouldBeRedirectedToImplementationOfBSTTryEditorPage" duration-ms="692" started-at="2022-08-16T22:25:55Z" finished-at="2022-08-16T22:25:56Z">
          <reporter-output>
          </reporter-output>
        </test-method> <!-- validUserShouldBeRedirectedToImplementationOfBSTTryEditorPage -->
        <test-method status="PASS" signature="tearDown(org.testng.ITestResult, java.lang.String)[pri:0, instance:tests.TreePageTest@16aa0a0a]" name="tearDown" is-config="true" duration-ms="1" started-at="2022-08-16T22:25:56Z" finished-at="2022-08-16T22:25:56Z">
          <params>
            <param index="0">
              <value>
                <![CDATA[[TestResult name=validUserShouldBeRedirectedToImplementationOfBSTTryEditorPage status=SUCCESS method=TreePageTest.validUserShouldBeRedirectedToImplementationOfBSTTryEditorPage()[pri:27, instance:tests.TreePageTest@16aa0a0a] output={null}]]]>
              </value>
            </param>
            <param index="1">
              <value>
                <![CDATA[chrome]]>
              </value>
            </param>
          </params>
          <reporter-output>
          </reporter-output>
        </test-method> <!-- tearDown -->
        <test-method status="FAIL" signature="validUserShouldBeRedirectedToPracticeQuestions()[pri:28, instance:tests.TreePageTest@16aa0a0a]" name="validUserShouldBeRedirectedToPracticeQuestions" duration-ms="525" started-at="2022-08-16T22:25:56Z" finished-at="2022-08-16T22:25:57Z">
          <exception class="java.lang.AssertionError">
            <message>
              <![CDATA[Invalid Page!! expected [Practicee Questions] but found [Practice Questions]]]>
            </message>
            <full-stacktrace>
              <![CDATA[java.lang.AssertionError: Invalid Page!! expected [Practicee Questions] but found [Practice Questions]
at org.testng.Assert.fail(Assert.java:96)
at org.testng.Assert.failNotEquals(Assert.java:776)
at org.testng.Assert.assertEqualsImpl(Assert.java:137)
at org.testng.Assert.assertEquals(Assert.java:118)
at org.testng.Assert.assertEquals(Assert.java:453)
at tests.TreePageTest.validUserShouldBeRedirectedToPracticeQuestions(TreePageTest.java:353)
at sun.reflect.NativeMethodAccessorImpl.invoke0(Native Method)
at sun.reflect.NativeMethodAccessorImpl.invoke(NativeMethodAccessorImpl.java:62)
at sun.reflect.DelegatingMethodAccessorImpl.invoke(DelegatingMethodAccessorImpl.java:43)
at java.lang.reflect.Method.invoke(Method.java:498)
at org.testng.internal.MethodInvocationHelper.invokeMethod(MethodInvocationHelper.java:124)
at org.testng.internal.Invoker.invokeMethod(Invoker.java:583)
at org.testng.internal.Invoker.invokeTestMethod(Invoker.java:719)
at org.testng.internal.Invoker.invokeTestMethods(Invoker.java:989)
at org.testng.internal.TestMethodWorker.invokeTestMethods(TestMethodWorker.java:125)
at org.testng.internal.TestMethodWorker.run(TestMethodWorker.java:109)
at org.testng.TestRunner.privateRun(TestRunner.java:648)
at org.testng.TestRunner.run(TestRunner.java:505)
at org.testng.SuiteRunner.runTest(SuiteRunner.java:455)
at org.testng.SuiteRunner.runSequentially(SuiteRunner.java:450)
at org.testng.SuiteRunner.privateRun(SuiteRunner.java:415)
at org.testng.SuiteRunner.run(SuiteRunner.java:364)
at org.testng.SuiteRunnerWorker.runSuite(SuiteRunnerWorker.java:52)
at org.testng.SuiteRunnerWorker.run(SuiteRunnerWorker.java:84)
at org.testng.TestNG.runSuitesSequentially(TestNG.java:1208)
at org.testng.TestNG.runSuitesLocally(TestNG.java:1137)
at org.testng.TestNG.runSuites(TestNG.java:1049)
at org.testng.TestNG.run(TestNG.java:1017)
at org.apache.maven.surefire.testng.TestNGExecutor.run(TestNGExecutor.java:281)
at org.apache.maven.surefire.testng.TestNGXmlTestSuite.execute(TestNGXmlTestSuite.java:75)
at org.apache.maven.surefire.testng.TestNGProvider.invoke(TestNGProvider.java:121)
at org.apache.maven.surefire.booter.ForkedBooter.invokeProviderInSameClassLoader(ForkedBooter.java:290)
at org.apache.maven.surefire.booter.ForkedBooter.runSuitesInProcess(ForkedBooter.java:242)
at org.apache.maven.surefire.booter.ForkedBooter.main(ForkedBooter.java:121)
]]>
            </full-stacktrace>
          </exception> <!-- java.lang.AssertionError -->
          <reporter-output>
          </reporter-output>
        </test-method> <!-- validUserShouldBeRedirectedToPracticeQuestions -->
        <test-method status="PASS" signature="tearDown(org.testng.ITestResult, java.lang.String)[pri:0, instance:tests.TreePageTest@16aa0a0a]" name="tearDown" is-config="true" duration-ms="218" started-at="2022-08-16T22:25:57Z" finished-at="2022-08-16T22:25:57Z">
          <params>
            <param index="0">
              <value>
                <![CDATA[[TestResult name=validUserShouldBeRedirectedToPracticeQuestions status=FAILURE method=TreePageTest.validUserShouldBeRedirectedToPracticeQuestions()[pri:28, instance:tests.TreePageTest@16aa0a0a] output={null}]]]>
              </value>
            </param>
            <param index="1">
              <value>
                <![CDATA[chrome]]>
              </value>
            </param>
          </params>
          <reporter-output>
          </reporter-output>
        </test-method> <!-- tearDown -->
        <test-method status="PASS" signature="endReport()[pri:0, instance:tests.TreePageTest@16aa0a0a]" name="endReport" is-config="true" duration-ms="752" started-at="2022-08-16T22:25:57Z" finished-at="2022-08-16T22:25:58Z">
          <reporter-output>
          </reporter-output>
        </test-method> <!-- endReport -->
      </class> <!-- tests.TreePageTest -->
    </test> <!--  Tree Page Test -->
    <test name=" Graph Page Test" duration-ms="6948" started-at="2022-08-16T22:25:58Z" finished-at="2022-08-16T22:26:05Z">
      <class name="tests.GraphPageTest">
        <test-method status="PASS" signature="setExtent()[pri:0, instance:tests.GraphPageTest@4034c28c]" name="setExtent" is-config="true" duration-ms="229" started-at="2022-08-16T22:24:41Z" finished-at="2022-08-16T22:24:41Z">
          <reporter-output>
          </reporter-output>
        </test-method> <!-- setExtent -->
        <test-method status="PASS" signature="setBrowser(java.lang.String)[pri:0, instance:tests.GraphPageTest@4034c28c]" name="setBrowser" is-config="true" duration-ms="1745" started-at="2022-08-16T22:25:58Z" finished-at="2022-08-16T22:25:59Z">
          <params>
            <param index="0">
              <value>
                <![CDATA[chrome]]>
              </value>
            </param>
          </params>
          <reporter-output>
          </reporter-output>
        </test-method> <!-- setBrowser -->
        <test-method status="PASS" signature="setUp()[pri:0, instance:tests.GraphPageTest@4034c28c]" name="setUp" is-config="true" duration-ms="2222" started-at="2022-08-16T22:25:59Z" finished-at="2022-08-16T22:26:02Z">
          <reporter-output>
          </reporter-output>
        </test-method> <!-- setUp -->
        <test-method status="PASS" signature="validUserShouldBeAbletoLandInGraphPage()[pri:1, instance:tests.GraphPageTest@4034c28c]" name="validUserShouldBeAbletoLandInGraphPage" duration-ms="10" started-at="2022-08-16T22:26:02Z" finished-at="2022-08-16T22:26:02Z">
          <reporter-output>
          </reporter-output>
        </test-method> <!-- validUserShouldBeAbletoLandInGraphPage -->
        <test-method status="PASS" signature="tearDown(org.testng.ITestResult, java.lang.String)[pri:0, instance:tests.GraphPageTest@4034c28c]" name="tearDown" is-config="true" duration-ms="1" started-at="2022-08-16T22:26:02Z" finished-at="2022-08-16T22:26:02Z">
          <params>
            <param index="0">
              <value>
                <![CDATA[[TestResult name=validUserShouldBeAbletoLandInGraphPage status=SUCCESS method=GraphPageTest.validUserShouldBeAbletoLandInGraphPage()[pri:1, instance:tests.GraphPageTest@4034c28c] output={null}]]]>
              </value>
            </param>
            <param index="1">
              <value>
                <![CDATA[chrome]]>
              </value>
            </param>
          </params>
          <reporter-output>
          </reporter-output>
        </test-method> <!-- tearDown -->
        <test-method status="PASS" signature="validUserShouldBeRedirectedToGraphTryEditorPage()[pri:2, instance:tests.GraphPageTest@4034c28c]" name="validUserShouldBeRedirectedToGraphTryEditorPage" duration-ms="1269" started-at="2022-08-16T22:26:02Z" finished-at="2022-08-16T22:26:03Z">
          <reporter-output>
          </reporter-output>
        </test-method> <!-- validUserShouldBeRedirectedToGraphTryEditorPage -->
        <test-method status="PASS" signature="tearDown(org.testng.ITestResult, java.lang.String)[pri:0, instance:tests.GraphPageTest@4034c28c]" name="tearDown" is-config="true" duration-ms="0" started-at="2022-08-16T22:26:03Z" finished-at="2022-08-16T22:26:03Z">
          <params>
            <param index="0">
              <value>
                <![CDATA[[TestResult name=validUserShouldBeRedirectedToGraphTryEditorPage status=SUCCESS method=GraphPageTest.validUserShouldBeRedirectedToGraphTryEditorPage()[pri:2, instance:tests.GraphPageTest@4034c28c] output={null}]]]>
              </value>
            </param>
            <param index="1">
              <value>
                <![CDATA[chrome]]>
              </value>
            </param>
          </params>
          <reporter-output>
          </reporter-output>
        </test-method> <!-- tearDown -->
        <test-method status="PASS" signature="validUserShouldBeAbletoLandInGraphRepresentationPage()[pri:3, instance:tests.GraphPageTest@4034c28c]" name="validUserShouldBeAbletoLandInGraphRepresentationPage" duration-ms="350" started-at="2022-08-16T22:26:03Z" finished-at="2022-08-16T22:26:03Z">
          <reporter-output>
          </reporter-output>
        </test-method> <!-- validUserShouldBeAbletoLandInGraphRepresentationPage -->
        <test-method status="PASS" signature="tearDown(org.testng.ITestResult, java.lang.String)[pri:0, instance:tests.GraphPageTest@4034c28c]" name="tearDown" is-config="true" duration-ms="1" started-at="2022-08-16T22:26:03Z" finished-at="2022-08-16T22:26:03Z">
          <params>
            <param index="0">
              <value>
                <![CDATA[[TestResult name=validUserShouldBeAbletoLandInGraphRepresentationPage status=SUCCESS method=GraphPageTest.validUserShouldBeAbletoLandInGraphRepresentationPage()[pri:3, instance:tests.GraphPageTest@4034c28c] output={null}]]]>
              </value>
            </param>
            <param index="1">
              <value>
                <![CDATA[chrome]]>
              </value>
            </param>
          </params>
          <reporter-output>
          </reporter-output>
        </test-method> <!-- tearDown -->
        <test-method status="PASS" signature="validUserShouldBeRedirectedToGraphRepresentationsTryEditorPage()[pri:4, instance:tests.GraphPageTest@4034c28c]" name="validUserShouldBeRedirectedToGraphRepresentationsTryEditorPage" duration-ms="600" started-at="2022-08-16T22:26:03Z" finished-at="2022-08-16T22:26:04Z">
          <reporter-output>
          </reporter-output>
        </test-method> <!-- validUserShouldBeRedirectedToGraphRepresentationsTryEditorPage -->
        <test-method status="PASS" signature="tearDown(org.testng.ITestResult, java.lang.String)[pri:0, instance:tests.GraphPageTest@4034c28c]" name="tearDown" is-config="true" duration-ms="1" started-at="2022-08-16T22:26:04Z" finished-at="2022-08-16T22:26:04Z">
          <params>
            <param index="0">
              <value>
                <![CDATA[[TestResult name=validUserShouldBeRedirectedToGraphRepresentationsTryEditorPage status=SUCCESS method=GraphPageTest.validUserShouldBeRedirectedToGraphRepresentationsTryEditorPage()[pri:4, instance:tests.GraphPageTest@4034c28c] output={null}]]]>
              </value>
            </param>
            <param index="1">
              <value>
                <![CDATA[chrome]]>
              </value>
            </param>
          </params>
          <reporter-output>
          </reporter-output>
        </test-method> <!-- tearDown -->
        <test-method status="PASS" signature="endReport()[pri:0, instance:tests.GraphPageTest@4034c28c]" name="endReport" is-config="true" duration-ms="733" started-at="2022-08-16T22:26:04Z" finished-at="2022-08-16T22:26:05Z">
          <reporter-output>
          </reporter-output>
        </test-method> <!-- endReport -->
      </class> <!-- tests.GraphPageTest -->
    </test> <!--  Graph Page Test -->
  </suite> <!-- DS Algo Basics -->
</testng-results>
