<?xml version="1.0" encoding="UTF-8"?>
<testsuite xmlns:xsi="http://www.w3.org/2001/XMLSchema-instance" xsi:noNamespaceSchemaLocation="https://maven.apache.org/surefire/maven-surefire-plugin/xsd/surefire-test-report-3.0.xsd" version="3.0" name="TestSuite" time="2.007" tests="43" errors="0" skipped="42" failures="1">
  <properties>
[...]
</properties>
  <testcase name="setBrowser" classname="tests.DSIntroductionPageTest" time="0.663">
    <failure message="&#10;Parameter &apos;browser&apos; is required by BeforeTest on method setBrowser but has not been marked @Optional or defined&#10;" type="org.testng.TestNGException">org.testng.TestNGException: 

Parameter 'browser' is required by BeforeTest on method setBrowser but has not been marked @Optional or defined

</failure>
    <system-out><![CDATA[[INFO] Running TestSuite
]]></system-out>
    <system-err><![CDATA[SLF4J: Failed to load class "org.slf4j.impl.StaticLoggerBinder".
SLF4J: Defaulting to no-operation (NOP) logger implementation
SLF4J: See http://www.slf4j.org/codes.html#StaticLoggerBinder for further details.
]]></system-err>
  </testcase>
  <testcase name="setUp" classname="tests.DSIntroductionPageTest" time="0">
    <skipped/>
  </testcase>
  <testcase name="validUserShouldBeAbletoLandInDSIntroductionPage" classname="tests.DSIntroductionPageTest" time="0">
    <skipped message="&#10;Parameter &apos;browser&apos; is required by BeforeTest on method setBrowser but has not been marked @Optional or defined&#10;"/>
  </testcase>
  <testcase name="tearDown" classname="tests.DSIntroductionPageTest" time="0">
    <skipped/>
  </testcase>
  <testcase name="setUp" classname="tests.TreePageTest" time="0">
    <skipped/>
  </testcase>
  <testcase name="validUserShouldBeAbletoLandInTreePage" classname="tests.TreePageTest" time="0">
    <skipped message="&#10;Parameter &apos;browser&apos; is required by BeforeTest on method setBrowser but has not been marked @Optional or defined&#10;"/>
  </testcase>
  <testcase name="tearDown" classname="tests.TreePageTest" time="0">
    <skipped/>
  </testcase>
  <testcase name="setUp" classname="tests.GraphPageTest" time="0">
    <skipped/>
  </testcase>
  <testcase name="validUserShouldBeAbletoLandInGraphPage" classname="tests.GraphPageTest" time="0">
    <skipped message="&#10;Parameter &apos;browser&apos; is required by BeforeTest on method setBrowser but has not been marked @Optional or defined&#10;"/>
  </testcase>
  <testcase name="tearDown" classname="tests.GraphPageTest" time="0">
    <skipped/>
  </testcase>
  <testcase name="setUp" classname="tests.HomePageTest" time="0">
    <skipped/>
  </testcase>
  <testcase name="UserShouldBeAbleToOpenDSPortalPage" classname="tests.HomePageTest" time="0">
    <skipped message="&#10;Parameter &apos;browser&apos; is required by BeforeTest on method setBrowser but has not been marked @Optional or defined&#10;"/>
  </testcase>
  <testcase name="tearDown" classname="tests.HomePageTest" time="0">
    <skipped/>
  </testcase>
  <testcase name="setUp" classname="tests.RegisterPageTest" time="0">
    <skipped/>
  </testcase>
  <testcase name="UserShouldNotBeAbleToRegisterWithInvalidData" classname="tests.RegisterPageTest" time="0">
    <skipped message="&#10;Parameter &apos;browser&apos; is required by BeforeTest on method setBrowser but has not been marked @Optional or defined&#10;"/>
  </testcase>
  <testcase name="UserShouldNotBeAbleToRegisterWithInvalidData" classname="tests.RegisterPageTest" time="0">
    <skipped message="&#10;Parameter &apos;browser&apos; is required by BeforeTest on method setBrowser but has not been marked @Optional or defined&#10;"/>
  </testcase>
  <testcase name="UserShouldNotBeAbleToRegisterWithInvalidData" classname="tests.RegisterPageTest" time="0">
    <skipped message="&#10;Parameter &apos;browser&apos; is required by BeforeTest on method setBrowser but has not been marked @Optional or defined&#10;"/>
  </testcase>
  <testcase name="UserShouldNotBeAbleToRegisterWithInvalidData" classname="tests.RegisterPageTest" time="0">
    <skipped message="&#10;Parameter &apos;browser&apos; is required by BeforeTest on method setBrowser but has not been marked @Optional or defined&#10;"/>
  </testcase>
  <testcase name="UserShouldNotBeAbleToRegisterWithInvalidData" classname="tests.RegisterPageTest" time="0">
    <skipped message="&#10;Parameter &apos;browser&apos; is required by BeforeTest on method setBrowser but has not been marked @Optional or defined&#10;"/>
  </testcase>
  <testcase name="UserShouldNotBeAbleToRegisterWithInvalidData" classname="tests.RegisterPageTest" time="0">
    <skipped message="&#10;Parameter &apos;browser&apos; is required by BeforeTest on method setBrowser but has not been marked @Optional or defined&#10;"/>
  </testcase>
  <testcase name="UserShouldNotBeAbleToRegisterWithInvalidData" classname="tests.RegisterPageTest" time="0">
    <skipped message="&#10;Parameter &apos;browser&apos; is required by BeforeTest on method setBrowser but has not been marked @Optional or defined&#10;"/>
  </testcase>
  <testcase name="UserShouldNotBeAbleToRegisterWithInvalidData" classname="tests.RegisterPageTest" time="0">
    <skipped message="&#10;Parameter &apos;browser&apos; is required by BeforeTest on method setBrowser but has not been marked @Optional or defined&#10;"/>
  </testcase>
  <testcase name="tearDown" classname="tests.RegisterPageTest" time="0">
    <skipped/>
  </testcase>
  <testcase name="tearDown" classname="tests.RegisterPageTest" time="0">
    <skipped/>
  </testcase>
  <testcase name="tearDown" classname="tests.RegisterPageTest" time="0">
    <skipped/>
  </testcase>
  <testcase name="tearDown" classname="tests.RegisterPageTest" time="0">
    <skipped/>
  </testcase>
  <testcase name="tearDown" classname="tests.RegisterPageTest" time="0">
    <skipped/>
  </testcase>
  <testcase name="tearDown" classname="tests.RegisterPageTest" time="0">
    <skipped/>
  </testcase>
  <testcase name="tearDown" classname="tests.RegisterPageTest" time="0">
    <skipped/>
  </testcase>
  <testcase name="tearDown" classname="tests.RegisterPageTest" time="0">
    <skipped/>
  </testcase>
  <testcase name="setUp" classname="tests.SignInPageTest" time="0">
    <skipped/>
  </testcase>
  <testcase name="UserShouldNotBeAbleToLoginWithInvalidLoginCredentials" classname="tests.SignInPageTest" time="0">
    <skipped message="&#10;Parameter &apos;browser&apos; is required by BeforeTest on method setBrowser but has not been marked @Optional or defined&#10;"/>
  </testcase>
  <testcase name="UserShouldNotBeAbleToLoginWithInvalidLoginCredentials" classname="tests.SignInPageTest" time="0">
    <skipped message="&#10;Parameter &apos;browser&apos; is required by BeforeTest on method setBrowser but has not been marked @Optional or defined&#10;"/>
  </testcase>
  <testcase name="UserShouldNotBeAbleToLoginWithInvalidLoginCredentials" classname="tests.SignInPageTest" time="0">
    <skipped message="&#10;Parameter &apos;browser&apos; is required by BeforeTest on method setBrowser but has not been marked @Optional or defined&#10;"/>
  </testcase>
  <testcase name="UserShouldNotBeAbleToLoginWithInvalidLoginCredentials" classname="tests.SignInPageTest" time="0">
    <skipped message="&#10;Parameter &apos;browser&apos; is required by BeforeTest on method setBrowser but has not been marked @Optional or defined&#10;"/>
  </testcase>
  <testcase name="UserShouldNotBeAbleToLoginWithInvalidLoginCredentials" classname="tests.SignInPageTest" time="0">
    <skipped message="&#10;Parameter &apos;browser&apos; is required by BeforeTest on method setBrowser but has not been marked @Optional or defined&#10;"/>
  </testcase>
  <testcase name="UserShouldNotBeAbleToLoginWithInvalidLoginCredentials" classname="tests.SignInPageTest" time="0">
    <skipped message="&#10;Parameter &apos;browser&apos; is required by BeforeTest on method setBrowser but has not been marked @Optional or defined&#10;"/>
  </testcase>
  <testcase name="tearDown" classname="tests.SignInPageTest" time="0">
    <skipped/>
  </testcase>
  <testcase name="tearDown" classname="tests.SignInPageTest" time="0">
    <skipped/>
  </testcase>
  <testcase name="tearDown" classname="tests.SignInPageTest" time="0">
    <skipped/>
  </testcase>
  <testcase name="tearDown" classname="tests.SignInPageTest" time="0">
    <skipped/>
  </testcase>
  <testcase name="tearDown" classname="tests.SignInPageTest" time="0">
    <skipped/>
  </testcase>
  <testcase name="tearDown" classname="tests.SignInPageTest" time="0">
    <skipped/>
  </testcase>
</testsuite>