<?xml version="1.0" encoding="UTF-8"?>
<testsuite xmlns:xsi="http://www.w3.org/2001/XMLSchema-instance" xsi:schemaLocation="https://maven.apache.org/surefire/maven-surefire-plugin/xsd/surefire-test-report.xsd" name="TestSuite" time="85.295" tests="67" errors="0" skipped="0" failures="2">
  <properties>
[...]
</properties>
  <testcase name="UserShouldBeAbleToOpenDSPortalPage" classname="tests.HomePageTest" time="0.076"/>
  <testcase name="UserShouldBeAbleToOpenHomePage" classname="tests.HomePageTest" time="0.779"/>
  <testcase name="UserShouldbeAbleToSeePanesForDataStructures" classname="tests.HomePageTest" time="0.037"/>
  <testcase name="UserShouldGetAlertWhenClickGetStartedIntroductionButton" classname="tests.HomePageTest" time="0.318"/>
  <testcase name="UserShouldGetAlertWhenClicksArrayGetStartedButton" classname="tests.HomePageTest" time="0.331"/>
  <testcase name="UserShouldGetAlertWhenClicksLinkedListGetStartedButton" classname="tests.HomePageTest" time="0.261"/>
  <testcase name="UserShouldGetAlertWhenClicksStackGetStartedButton" classname="tests.HomePageTest" time="0.28">
    <failure message="Alert message is not Displayed expected [You are not loged in] but found [You are not logged in]" type="java.lang.AssertionError">java.lang.AssertionError: Alert message is not Displayed expected [You are not loged in] but found [You are not logged in]
	at tests.HomePageTest.UserShouldGetAlertWhenClicksStackGetStartedButton(HomePageTest.java:99)
</failure>
    <system-out><![CDATA[1
]]></system-out>
  </testcase>
  <testcase name="UserShouldGetAlertWhenClicksQueueGetStartedButton" classname="tests.HomePageTest" time="0.32"/>
  <testcase name="UserShouldGetAlertWhenClicksTreeGetStartedButton" classname="tests.HomePageTest" time="0.299"/>
  <testcase name="UserShouldGetAlertWhenClicksGraphGetStartedButton" classname="tests.HomePageTest" time="0.326"/>
  <testcase name="UserShouldBeAbleToClickAndViewDropDownItems" classname="tests.HomePageTest" time="0.096"/>
  <testcase name="UserShouldGetAlertWhenSelectArrayItemFromDropDown" classname="tests.HomePageTest" time="0.299"/>
  <testcase name="UserShouldBeAbleToGotoSignInPage" classname="tests.HomePageTest" time="0.172"/>
  <testcase name="UserShouldBeAbleToRegister" classname="tests.HomePageTest" time="0.183"/>
  <testcase name="UserShouldNotBeAbleToRegisterWithInvalidData" classname="tests.RegisterPageTest" time="2.527"/>
  <testcase name="UserShouldNotBeAbleToRegisterWithInvalidData" classname="tests.RegisterPageTest" time="2.432"/>
  <testcase name="UserShouldNotBeAbleToRegisterWithInvalidData" classname="tests.RegisterPageTest" time="2.967"/>
  <testcase name="UserShouldNotBeAbleToRegisterWithInvalidData" classname="tests.RegisterPageTest" time="2.885"/>
  <testcase name="UserShouldNotBeAbleToRegisterWithInvalidData" classname="tests.RegisterPageTest" time="2.752"/>
  <testcase name="UserShouldNotBeAbleToRegisterWithInvalidData" classname="tests.RegisterPageTest" time="2.65"/>
  <testcase name="UserShouldNotBeAbleToRegisterWithInvalidData" classname="tests.RegisterPageTest" time="2.443"/>
  <testcase name="UserShouldNotBeAbleToRegisterWithInvalidData" classname="tests.RegisterPageTest" time="2.378"/>
  <testcase name="UserIsSuccessfullyAbleToRegister" classname="tests.RegisterPageTest" time="4.262"/>
  <testcase name="UserShouldNotBeAbleToLoginWithInvalidLoginCredentials" classname="tests.SignInPageTest" time="0.344"/>
  <testcase name="UserShouldNotBeAbleToLoginWithInvalidLoginCredentials" classname="tests.SignInPageTest" time="0.582"/>
  <testcase name="UserShouldNotBeAbleToLoginWithInvalidLoginCredentials" classname="tests.SignInPageTest" time="0.634"/>
  <testcase name="UserShouldNotBeAbleToLoginWithInvalidLoginCredentials" classname="tests.SignInPageTest" time="0.621"/>
  <testcase name="UserShouldNotBeAbleToLoginWithInvalidLoginCredentials" classname="tests.SignInPageTest" time="0.37"/>
  <testcase name="UserShouldNotBeAbleToLoginWithInvalidLoginCredentials" classname="tests.SignInPageTest" time="0.3"/>
  <testcase name="validUserShouldBeAbleToLogin" classname="tests.SignInPageTest" time="1.205"/>
  <testcase name="UserShouldSignOutSuccessfullyAfterLogin" classname="tests.SignInPageTest" time="0.772"/>
  <testcase name="validUserShouldBeAbletoLandInDSIntroductionPage" classname="tests.DSIntroductionPageTest" time="0.015"/>
  <testcase name="validUserShouldBeRedirectedToTimeCompexityIntroduction" classname="tests.DSIntroductionPageTest" time="0.26"/>
  <testcase name="validUserShouldBeRedirectedToTryEditorPage" classname="tests.DSIntroductionPageTest" time="1.099"/>
  <testcase name="validUserShouldBeRedirectedToPracticeQuestions" classname="tests.DSIntroductionPageTest" time="0.462"/>
  <testcase name="validUserShouldBeAbletoLandInTreePage" classname="tests.TreePageTest" time="0.53"/>
  <testcase name="validUserShouldBeAbletoLandInOverviewPage" classname="tests.TreePageTest" time="0.28"/>
  <testcase name="validUserShouldBeRedirectedToOverviewOfTreesTryEditorPage" classname="tests.TreePageTest" time="0.902"/>
  <testcase name="validUserShouldBeAbletoLandInTerminologiesPage" classname="tests.TreePageTest" time="0.289"/>
  <testcase name="validUserShouldBeRedirectedToTerminologiesOfTreesTryEditorPage" classname="tests.TreePageTest" time="0.626"/>
  <testcase name="validUserShouldBeAbletoLandInTypesOfTreesPage" classname="tests.TreePageTest" time="0.269"/>
  <testcase name="validUserShouldBeRedirectedToTypesOfTreesTryEditorPage" classname="tests.TreePageTest" time="0.661"/>
  <testcase name="validUserShouldBeAbletoLandInTreeTraversalsPage" classname="tests.TreePageTest" time="0.315"/>
  <testcase name="validUserShouldBeRedirectedToTreeTraversalTryEditorPage" classname="tests.TreePageTest" time="0.591"/>
  <testcase name="validUserShouldBeAbletoLandTraversalIllustrationPage" classname="tests.TreePageTest" time="0.382"/>
  <testcase name="validUserShouldBeRedirectedToTraversalIllustrationTryEditorPage" classname="tests.TreePageTest" time="0.617"/>
  <testcase name="validUserShouldBeAbletoLandBinaryTreesPage" classname="tests.TreePageTest" time="0.415"/>
  <testcase name="validUserShouldBeRedirectedToBinaryTreesTryEditorPage" classname="tests.TreePageTest" time="0.738"/>
  <testcase name="validUserShouldBeAbletoLandTypesOfBinaryTreesPage" classname="tests.TreePageTest" time="0.452"/>
  <testcase name="validUserShouldBeRedirectedToTypesOfBinaryTreesTryEditorPage" classname="tests.TreePageTest" time="0.833"/>
  <testcase name="validUserShouldBeAbletoLandImplementationInPythonPage" classname="tests.TreePageTest" time="0.392"/>
  <testcase name="validUserShouldBeRedirectedToImplementationInpythonTryEditorPage" classname="tests.TreePageTest" time="0.782"/>
  <testcase name="validUserShouldBeAbletoLandBinaryTreeTraversalsPage" classname="tests.TreePageTest" time="0.394"/>
  <testcase name="validUserShouldBeRedirectedToBinaryTreeTraversalsTryEditorPage" classname="tests.TreePageTest" time="0.701"/>
  <testcase name="validUserShouldBeAbletoLandImplementationOfBinaryTreesPage" classname="tests.TreePageTest" time="0.316"/>
  <testcase name="validUserShouldBeRedirectedToImplementationOfBinaryTreesTryEditorPage" classname="tests.TreePageTest" time="0.739"/>
  <testcase name="validUserShouldBeAbletoLandApplicationsOfBinaryTreesPage" classname="tests.TreePageTest" time="0.301"/>
  <testcase name="validUserShouldBeRedirectedToApplicationsOfBinaryTreesTryEditorPage" classname="tests.TreePageTest" time="0.728"/>
  <testcase name="validUserShouldBeAbletoLandBinarySearchTreesPage" classname="tests.TreePageTest" time="0.483"/>
  <testcase name="validUserShouldBeRedirectedToBinarySearchTreesTryEditorPage" classname="tests.TreePageTest" time="0.778"/>
  <testcase name="validUserShouldBeAbletoLandImplementationOfBSTPage" classname="tests.TreePageTest" time="0.321"/>
  <testcase name="validUserShouldBeRedirectedToImplementationOfBSTTryEditorPage" classname="tests.TreePageTest" time="0.693"/>
  <testcase name="validUserShouldBeRedirectedToPracticeQuestions" classname="tests.TreePageTest" time="0.525">
    <failure message="Invalid Page!! expected [Practicee Questions] but found [Practice Questions]" type="java.lang.AssertionError">java.lang.AssertionError: Invalid Page!! expected [Practicee Questions] but found [Practice Questions]
	at tests.TreePageTest.validUserShouldBeRedirectedToPracticeQuestions(TreePageTest.java:353)
</failure>
    <system-out><![CDATA[1
]]></system-out>
  </testcase>
  <testcase name="validUserShouldBeAbletoLandInGraphPage" classname="tests.GraphPageTest" time="0.009"/>
  <testcase name="validUserShouldBeRedirectedToGraphTryEditorPage" classname="tests.GraphPageTest" time="1.269"/>
  <testcase name="validUserShouldBeAbletoLandInGraphRepresentationPage" classname="tests.GraphPageTest" time="0.35"/>
  <testcase name="validUserShouldBeRedirectedToGraphRepresentationsTryEditorPage" classname="tests.GraphPageTest" time="0.599"/>
</testsuite>